Using pre-set license
Built from '2022.3/staging' branch; Version is '2022.3.45f1 (a13dfa44d684) revision 10567162'; Using compiler version '192829333'; Build Type 'Release'
OS: 'Windows 11  (10.0.26100) 64bit Professional' Language: 'en' Physical Memory: 16221 MB
BatchMode: 1, IsHumanControllingUs: 0, StartBugReporterOnCrash: 0, Is64bit: 1, IsPro: 1

COMMAND LINE ARGUMENTS:
E:\Unity Editor\2022.3.45f1\Editor\Unity.exe
-adb2
-batchMode
-noUpm
-name
AssetImportWorker7
-projectPath
C:/Users/minhq/OneDrive/Documents/GitHub/duan
-logFile
Logs/AssetImportWorker7.log
-srvPort
55107
Successfully changed project path to: C:/Users/minhq/OneDrive/Documents/GitHub/duan
C:/Users/minhq/OneDrive/Documents/GitHub/duan
[UnityMemory] Configuration Parameters - Can be set up in boot.config
    "memorysetup-bucket-allocator-granularity=16"
    "memorysetup-bucket-allocator-bucket-count=8"
    "memorysetup-bucket-allocator-block-size=33554432"
    "memorysetup-bucket-allocator-block-count=8"
    "memorysetup-main-allocator-block-size=16777216"
    "memorysetup-thread-allocator-block-size=16777216"
    "memorysetup-gfx-main-allocator-block-size=16777216"
    "memorysetup-gfx-thread-allocator-block-size=16777216"
    "memorysetup-cache-allocator-block-size=4194304"
    "memorysetup-typetree-allocator-block-size=2097152"
    "memorysetup-profiler-bucket-allocator-granularity=16"
    "memorysetup-profiler-bucket-allocator-bucket-count=8"
    "memorysetup-profiler-bucket-allocator-block-size=33554432"
    "memorysetup-profiler-bucket-allocator-block-count=8"
    "memorysetup-profiler-allocator-block-size=16777216"
    "memorysetup-profiler-editor-allocator-block-size=1048576"
    "memorysetup-temp-allocator-size-main=16777216"
    "memorysetup-job-temp-allocator-block-size=2097152"
    "memorysetup-job-temp-allocator-block-size-background=1048576"
    "memorysetup-job-temp-allocator-reduction-small-platforms=262144"
    "memorysetup-allocator-temp-initial-block-size-main=262144"
    "memorysetup-allocator-temp-initial-block-size-worker=262144"
    "memorysetup-temp-allocator-size-background-worker=32768"
    "memorysetup-temp-allocator-size-job-worker=262144"
    "memorysetup-temp-allocator-size-preload-manager=33554432"
    "memorysetup-temp-allocator-size-nav-mesh-worker=65536"
    "memorysetup-temp-allocator-size-audio-worker=65536"
    "memorysetup-temp-allocator-size-cloud-worker=32768"
    "memorysetup-temp-allocator-size-gi-baking-worker=262144"
    "memorysetup-temp-allocator-size-gfx=262144"
Player connection [21956]  Target information:

Player connection [21956]  * "[IP] 172.16.114.108 [Port] 0 [Flags] 2 [Guid] 1239408806 [EditorId] 1239408806 [Version] 1048832 [Id] WindowsEditor(7,PC) [Debug] 1 [PackageName] WindowsEditor [ProjectName] Editor" 

Player connection [21956] Host joined multi-casting on [225.0.0.222:54997]...
Player connection [21956] Host joined alternative multi-casting on [225.0.0.222:34997]...
[PhysX] Initialized MultithreadedTaskDispatcher with 8 workers.
Refreshing native plugins compatible for Editor in 9.85 ms, found 1 plugins.
Preloading 0 native plugins for Editor in 0.00 ms.
Initialize engine version: 2022.3.45f1 (a13dfa44d684)
[Subsystems] Discovering subsystems at path E:/Unity Editor/2022.3.45f1/Editor/Data/Resources/UnitySubsystems
[Subsystems] Discovering subsystems at path C:/Users/minhq/OneDrive/Documents/GitHub/duan/Assets
GfxDevice: creating device client; threaded=0; jobified=0
Direct3D:
    Version:  Direct3D 11.0 [level 11.1]
    Renderer: NVIDIA GeForce GTX 1650 (ID=0x1f99)
    Vendor:   NVIDIA
    VRAM:     3937 MB
    Driver:   32.0.15.6636
Initialize mono
Mono path[0] = 'E:/Unity Editor/2022.3.45f1/Editor/Data/Managed'
Mono path[1] = 'E:/Unity Editor/2022.3.45f1/Editor/Data/MonoBleedingEdge/lib/mono/unityjit-win32'
Mono config path = 'E:/Unity Editor/2022.3.45f1/Editor/Data/MonoBleedingEdge/etc'
Using monoOptions --debugger-agent=transport=dt_socket,embedding=1,server=y,suspend=n,address=127.0.0.1:56652
Begin MonoManager ReloadAssembly
Registering precompiled unity dll's ...
Register platform support module: E:/Unity Editor/2022.3.45f1/Editor/Data/PlaybackEngines/WebGLSupport/UnityEditor.WebGL.Extensions.dll
Register platform support module: E:/Unity Editor/2022.3.45f1/Editor/Data/PlaybackEngines/AndroidPlayer/UnityEditor.Android.Extensions.dll
Register platform support module: E:/Unity Editor/2022.3.45f1/Editor/Data/PlaybackEngines/WindowsStandaloneSupport/UnityEditor.WindowsStandalone.Extensions.dll
Register platform support module: E:/Unity Editor/2022.3.45f1/Editor/Data/PlaybackEngines/MetroSupport/UnityEditor.UWP.Extensions.dll
Registered in 0.011785 seconds.
- Loaded All Assemblies, in  0.530 seconds
Native extension for UWP target not found
Native extension for WindowsStandalone target not found
Native extension for Android target not found
Android Extension - Scanning For ADB Devices 308 ms
Native extension for WebGL target not found
Mono: successfully reloaded assembly
- Finished resetting the current domain, in  0.724 seconds
Domain Reload Profiling: 1254ms
	BeginReloadAssembly (121ms)
		ExecutionOrderSort (0ms)
		DisableScriptedObjects (0ms)
		BackupInstance (0ms)
		ReleaseScriptingObjects (0ms)
		CreateAndSetChildDomain (1ms)
	RebuildCommonClasses (46ms)
	RebuildNativeTypeToScriptingClass (13ms)
	initialDomainReloadingComplete (84ms)
	LoadAllAssembliesAndSetupDomain (265ms)
		LoadAssemblies (121ms)
		RebuildTransferFunctionScriptingTraits (0ms)
		AnalyzeDomain (261ms)
			TypeCache.Refresh (260ms)
				TypeCache.ScanAssembly (235ms)
			ScanForSourceGeneratedMonoScriptInfo (0ms)
			ResolveRequiredComponents (1ms)
	FinalizeReload (724ms)
		ReleaseScriptCaches (0ms)
		RebuildScriptCaches (0ms)
		SetupLoadedEditorAssemblies (646ms)
			LogAssemblyErrors (0ms)
			InitializePlatformSupportModulesInManaged (433ms)
			SetLoadedEditorAssemblies (8ms)
			RefreshPlugins (0ms)
			BeforeProcessingInitializeOnLoad (3ms)
			ProcessInitializeOnLoadAttributes (148ms)
			ProcessInitializeOnLoadMethodAttributes (55ms)
			AfterProcessingInitializeOnLoad (0ms)
			EditorAssembliesLoaded (0ms)
		ExecutionOrderSort2 (0ms)
		AwakeInstancesAfterBackupRestoration (0ms)
========================================================================
Worker process is ready to serve import requests
Caller must complete domain reload
Begin MonoManager ReloadAssembly
- Loaded All Assemblies, in  0.711 seconds
Native extension for UWP target not found
Native extension for WindowsStandalone target not found
Native extension for Android target not found
Native extension for WebGL target not found
Mono: successfully reloaded assembly
- Finished resetting the current domain, in  0.628 seconds
Domain Reload Profiling: 1337ms
	BeginReloadAssembly (144ms)
		ExecutionOrderSort (0ms)
		DisableScriptedObjects (7ms)
		BackupInstance (0ms)
		ReleaseScriptingObjects (0ms)
		CreateAndSetChildDomain (19ms)
	RebuildCommonClasses (49ms)
	RebuildNativeTypeToScriptingClass (22ms)
	initialDomainReloadingComplete (71ms)
	LoadAllAssembliesAndSetupDomain (422ms)
		LoadAssemblies (308ms)
		RebuildTransferFunctionScriptingTraits (0ms)
		AnalyzeDomain (199ms)
			TypeCache.Refresh (149ms)
				TypeCache.ScanAssembly (128ms)
			ScanForSourceGeneratedMonoScriptInfo (32ms)
			ResolveRequiredComponents (16ms)
	FinalizeReload (629ms)
		ReleaseScriptCaches (0ms)
		RebuildScriptCaches (0ms)
		SetupLoadedEditorAssemblies (432ms)
			LogAssemblyErrors (0ms)
			InitializePlatformSupportModulesInManaged (23ms)
			SetLoadedEditorAssemblies (5ms)
			RefreshPlugins (0ms)
			BeforeProcessingInitializeOnLoad (79ms)
			ProcessInitializeOnLoadAttributes (224ms)
			ProcessInitializeOnLoadMethodAttributes (99ms)
			AfterProcessingInitializeOnLoad (2ms)
			EditorAssembliesLoaded (0ms)
		ExecutionOrderSort2 (0ms)
		AwakeInstancesAfterBackupRestoration (5ms)
Launched and connected shader compiler UnityShaderCompiler.exe after 0.05 seconds
Refreshing native plugins compatible for Editor in 3.81 ms, found 1 plugins.
Preloading 0 native plugins for Editor in 0.00 ms.
Unloading 3778 Unused Serialized files (Serialized files now loaded: 0)
Unloading 41 unused Assets / (0.8 MB). Loaded Objects now: 4254.
Memory consumption went from 174.8 MB to 174.0 MB.
Total: 4.674100 ms (FindLiveObjects: 0.553700 ms CreateObjectMapping: 0.357900 ms MarkObjects: 3.202500 ms  DeleteObjects: 0.558600 ms)

AssetImportParameters requested are different than current active one (requested -> active):
  custom:scripting/monoscript/fileName/cameraPoint.cs: 7fef00ae8f782b4b092b0bd9938d1e10 -> 3e361de69f44a724e07b5a40d09c4184
  custom:container-demuxer-ogg: 62fdf1f143b41e24485cea50d1cbac27 -> 
  custom:video-codec-MediaFoundation-h265: 746d11721c4dcdbdad8f713fa42b33f4 -> 
  custom:scripting/monoscript/fileName/Helpers.cs: 31257f8e09add9970de6a159d5b3177a -> 95a9cf452e7b4fe8ee862d742b495ffe
  custom:video-decoder-ogg-theora: a1e56fd34408186e4bbccfd4996cb3dc -> 
  custom:scripting/monoscript/fileName/FixedHPFollower.cs: 6a2f2c1e9ceaafce8217e750b2c17838 -> 3e52affba265d03ef2f726b120bcb7dc
  custom:scripting/monoscript/fileName/CharacterSword.cs: 63423ad61c9e8fa4c5b23da8cb417e26 -> 
  custom:scripting/monoscript/fileName/ItemDroppers.cs: 9616c2581b08ea09642fe494b01c845e -> 2740ed14065e0fcba82e750bf9c42491
  custom:framework-win-MediaFoundation: 216162199b28c13a410421893ffa2e32 -> 
  custom:scripting/monoscript/fileName/PlayerCoin.cs: 27eaec87d91af325068c21167b90843f -> d5e32de8b9e9fbe7adcb263a78e1d577
  custom:scripting/monoscript/fileName/OldBatNormal.cs: 412fe8bfc02b303367e86c00beafba4d -> 
  custom:scripting/monoscript/fileName/GameOverUI.cs: f897b8ef9f53958916b63ff9625d6bfb -> 0f56a8035be897d9d4312b932cf2e84a
  custom:scripting/monoscript/fileName/Cloud.cs: 8b337ed422c1cf27e0e7f21ea7cd094f -> 09f9dab5879c59906f61cf55dd9e586e
  custom:CustomObjectIndexerAttribute: 72b91833f83ae208fae7752999fa3104 -> 
  custom:scripting/monoscript/fileName/LOSSettings.cs: ab8d77fe66693efca3c103756f6bb583 -> 547c8766d433ef3182adbce41405dcb2
  custom:container-demuxer-webm: 4f35f7cbe854078d1ac9338744f61a02 -> 
  custom:scripting/monoscript/fileName/Destroy wall.cs: e780c39b65624424a979a68f55bf75e5 -> 45c1ba1836affb6f678affef46597422
  custom:scripting/monoscript/fileName/waterfallTrigger.cs: 0309fc22a76eeb2ebbac68e5c84b8886 -> 
  custom:scripting/monoscript/fileName/padlock.cs: 6e48627702aeabfc269d8ffae8d16237 -> 
  custom:container-muxer-webm: aa71ff27fc2769a1b78a27578f13a17b -> 
  custom:scripting/monoscript/fileName/newplatform.cs: 803137e1589c5323cd96103992318d17 -> 
  custom:video-decoder-webm-vp8: 9c59270c3fd7afecdb556c50c9e8de78 -> 
  custom:scripting/monoscript/fileName/platformMovement.cs: ef6b5699b1fda3892bb1b782ce7dad79 -> 46fbe3bb58f1f25a857df8d08a1e35df
  custom:scripting/monoscript/fileName/CoinSound.cs: e753887cbe716259e63195db110bca84 -> 85311a01d58b166a88246ae3badaeb2b
  custom:SearchIndexIgnoredProperties: e643bd26f0fe6173181afceb89e7c659 -> 
  custom:AudioImporter_EditorPlatform: d09bf68614088b80899f8185d706f6e7 -> 
  custom:scripting/monoscript/fileName/key.cs: f0d5955d4ce0621b4aaabc51e0ed8284 -> e705ba1a68159bb17375f9be207a658a
  custom:scripting/monoscript/fileName/CameraController.cs: 9bca34d00437a544322171e8b9fd122e -> 8ffd97e04949c7e62861e38199b5b711
  custom:scripting/monoscript/fileName/batwithplatform.cs: c198adb0b259543cde01931be055e7a6 -> 
  custom:scripting/monoscript/fileName/checkPoint.cs: 0e1ae73712832117281a8e631b81c3fe -> 9817e76e46ad9e670ee8662a36b4b6d0
  custom:scripting/monoscript/fileName/notiUI.cs: 40682f82b0b437367210bdcf67701207 -> 7c3a1f9c07e4d3653ac8f77e4271d165
  custom:scripting/monoscript/fileName/IEnemy.cs: 62118bdd50cae9b6658e90c269d15538 -> d95ade3e2a1e8c62b2f21c4780424a07
  custom:video-encoder-webm-vp8: eb34c28f22e8b96e1ab97ce403110664 -> 
  custom:audio-decoder-ogg-vorbis: bf7c407c2cedff20999df2af8eb42d56 -> 
  custom:scripting/monoscript/fileName/AnimationEventRelay.cs: 1e6ae1e99b48fc859d9b04375e773146 -> 5095c46a875dabdfc7b7b2f9e7f2cb96
  custom:scripting/monoscript/fileName/waterfall.cs: 3154dffab6095130b6e31fe753d51df7 -> 
  custom:scripting/monoscript/fileName/playerMovement.cs: 43e646ed4f37edd59e99a6d3221a5fa3 -> 8e7e86f6e84f8ed53174c5251664097e
  custom:scripting/monoscript/fileName/Youlose.cs: 7cc0ccda3382edeacde3228aa6c8bcd9 -> 37b57fe5c6ac1a8ce93ee1fddd4e103e
  custom:audio-encoder-webm-vorbis: bf7c407c2cedff20999df2af8eb42d56 -> 
  custom:scripting/monoscript/fileName/NotificationBoard.cs: 87bd059547c54e733283b054d15a5599 -> 71eb65e863ab2eddd15e43807b91bb88
  custom:scripting/monoscript/fileName/StatusEffectHandler.cs: 6f80e3b32878585cd72e59087971fc13 -> c4845542ca91ad4def3225a1d467195d
  custom:scripting/monoscript/fileName/trapScript.cs: 86756d97963544c10a6b3f80ae1effc4 -> 313390cf613d4de01722fc1eaf30b896
========================================================================
Received Prepare
Caller must complete domain reload
Begin MonoManager ReloadAssembly
- Loaded All Assemblies, in  0.949 seconds
Native extension for UWP target not found
Native extension for WindowsStandalone target not found
Native extension for Android target not found
Native extension for WebGL target not found
Mono: successfully reloaded assembly
- Finished resetting the current domain, in  0.697 seconds
Domain Reload Profiling: 1646ms
	BeginReloadAssembly (596ms)
		ExecutionOrderSort (0ms)
		DisableScriptedObjects (426ms)
		BackupInstance (0ms)
		ReleaseScriptingObjects (0ms)
		CreateAndSetChildDomain (35ms)
	RebuildCommonClasses (50ms)
	RebuildNativeTypeToScriptingClass (21ms)
	initialDomainReloadingComplete (34ms)
	LoadAllAssembliesAndSetupDomain (248ms)
		LoadAssemblies (322ms)
		RebuildTransferFunctionScriptingTraits (0ms)
		AnalyzeDomain (27ms)
			TypeCache.Refresh (7ms)
				TypeCache.ScanAssembly (0ms)
			ScanForSourceGeneratedMonoScriptInfo (0ms)
			ResolveRequiredComponents (18ms)
	FinalizeReload (698ms)
		ReleaseScriptCaches (0ms)
		RebuildScriptCaches (0ms)
		SetupLoadedEditorAssemblies (469ms)
			LogAssemblyErrors (0ms)
			InitializePlatformSupportModulesInManaged (28ms)
			SetLoadedEditorAssemblies (5ms)
			RefreshPlugins (0ms)
			BeforeProcessingInitializeOnLoad (108ms)
			ProcessInitializeOnLoadAttributes (226ms)
			ProcessInitializeOnLoadMethodAttributes (99ms)
			AfterProcessingInitializeOnLoad (2ms)
			EditorAssembliesLoaded (0ms)
		ExecutionOrderSort2 (0ms)
		AwakeInstancesAfterBackupRestoration (12ms)
Refreshing native plugins compatible for Editor in 6.17 ms, found 1 plugins.
Preloading 0 native plugins for Editor in 0.00 ms.
Unloading 3671 Unused Serialized files (Serialized files now loaded: 0)
Unloading 17 unused Assets / (0.8 MB). Loaded Objects now: 4271.
Memory consumption went from 149.3 MB to 148.5 MB.
Total: 5.808400 ms (FindLiveObjects: 0.640300 ms CreateObjectMapping: 0.531700 ms MarkObjects: 4.267800 ms  DeleteObjects: 0.367600 ms)

Prepare: number of updated asset objects reloaded= 0
AssetImportParameters requested are different than current active one (requested -> active):
  custom:scripting/monoscript/fileName/cameraPoint.cs: 7fef00ae8f782b4b092b0bd9938d1e10 -> 3e361de69f44a724e07b5a40d09c4184
  custom:container-demuxer-ogg: 62fdf1f143b41e24485cea50d1cbac27 -> 
  custom:video-codec-MediaFoundation-h265: 746d11721c4dcdbdad8f713fa42b33f4 -> 
  custom:scripting/monoscript/fileName/Helpers.cs: 31257f8e09add9970de6a159d5b3177a -> 95a9cf452e7b4fe8ee862d742b495ffe
  custom:video-decoder-ogg-theora: a1e56fd34408186e4bbccfd4996cb3dc -> 
  custom:scripting/monoscript/fileName/FixedHPFollower.cs: 6a2f2c1e9ceaafce8217e750b2c17838 -> 3e52affba265d03ef2f726b120bcb7dc
  custom:scripting/monoscript/fileName/CharacterSword.cs: 63423ad61c9e8fa4c5b23da8cb417e26 -> 
  custom:scripting/monoscript/fileName/ItemDroppers.cs: 9616c2581b08ea09642fe494b01c845e -> 2740ed14065e0fcba82e750bf9c42491
  custom:framework-win-MediaFoundation: 216162199b28c13a410421893ffa2e32 -> 
  custom:scripting/monoscript/fileName/PlayerCoin.cs: 27eaec87d91af325068c21167b90843f -> d5e32de8b9e9fbe7adcb263a78e1d577
  custom:scripting/monoscript/fileName/OldBatNormal.cs: 412fe8bfc02b303367e86c00beafba4d -> 
  custom:scripting/monoscript/fileName/GameOverUI.cs: f897b8ef9f53958916b63ff9625d6bfb -> 0f56a8035be897d9d4312b932cf2e84a
  custom:scripting/monoscript/fileName/Cloud.cs: 8b337ed422c1cf27e0e7f21ea7cd094f -> 09f9dab5879c59906f61cf55dd9e586e
  custom:CustomObjectIndexerAttribute: 72b91833f83ae208fae7752999fa3104 -> 
  custom:scripting/monoscript/fileName/LOSSettings.cs: ab8d77fe66693efca3c103756f6bb583 -> 547c8766d433ef3182adbce41405dcb2
  custom:container-demuxer-webm: 4f35f7cbe854078d1ac9338744f61a02 -> 
  custom:scripting/monoscript/fileName/Destroy wall.cs: e780c39b65624424a979a68f55bf75e5 -> 45c1ba1836affb6f678affef46597422
  custom:scripting/monoscript/fileName/waterfallTrigger.cs: 0309fc22a76eeb2ebbac68e5c84b8886 -> 
  custom:scripting/monoscript/fileName/padlock.cs: 6e48627702aeabfc269d8ffae8d16237 -> 
  custom:container-muxer-webm: aa71ff27fc2769a1b78a27578f13a17b -> 
  custom:scripting/monoscript/fileName/newplatform.cs: 803137e1589c5323cd96103992318d17 -> 
  custom:video-decoder-webm-vp8: 9c59270c3fd7afecdb556c50c9e8de78 -> 
  custom:scripting/monoscript/fileName/platformMovement.cs: ef6b5699b1fda3892bb1b782ce7dad79 -> 46fbe3bb58f1f25a857df8d08a1e35df
  custom:scripting/monoscript/fileName/CoinSound.cs: e753887cbe716259e63195db110bca84 -> 85311a01d58b166a88246ae3badaeb2b
  custom:SearchIndexIgnoredProperties: e643bd26f0fe6173181afceb89e7c659 -> 
  custom:AudioImporter_EditorPlatform: d09bf68614088b80899f8185d706f6e7 -> 
  custom:scripting/monoscript/fileName/key.cs: f0d5955d4ce0621b4aaabc51e0ed8284 -> e705ba1a68159bb17375f9be207a658a
  custom:scripting/monoscript/fileName/CameraController.cs: 9bca34d00437a544322171e8b9fd122e -> 8ffd97e04949c7e62861e38199b5b711
  custom:scripting/monoscript/fileName/batwithplatform.cs: c198adb0b259543cde01931be055e7a6 -> 
  custom:scripting/monoscript/fileName/checkPoint.cs: 0e1ae73712832117281a8e631b81c3fe -> 9817e76e46ad9e670ee8662a36b4b6d0
  custom:scripting/monoscript/fileName/notiUI.cs: 40682f82b0b437367210bdcf67701207 -> 7c3a1f9c07e4d3653ac8f77e4271d165
  custom:scripting/monoscript/fileName/IEnemy.cs: 62118bdd50cae9b6658e90c269d15538 -> d95ade3e2a1e8c62b2f21c4780424a07
  custom:video-encoder-webm-vp8: eb34c28f22e8b96e1ab97ce403110664 -> 
  custom:audio-decoder-ogg-vorbis: bf7c407c2cedff20999df2af8eb42d56 -> 
  custom:scripting/monoscript/fileName/AnimationEventRelay.cs: 1e6ae1e99b48fc859d9b04375e773146 -> 5095c46a875dabdfc7b7b2f9e7f2cb96
  custom:scripting/monoscript/fileName/waterfall.cs: 3154dffab6095130b6e31fe753d51df7 -> 
  custom:scripting/monoscript/fileName/playerMovement.cs: 43e646ed4f37edd59e99a6d3221a5fa3 -> 8e7e86f6e84f8ed53174c5251664097e
  custom:scripting/monoscript/fileName/Youlose.cs: 7cc0ccda3382edeacde3228aa6c8bcd9 -> 37b57fe5c6ac1a8ce93ee1fddd4e103e
  custom:audio-encoder-webm-vorbis: bf7c407c2cedff20999df2af8eb42d56 -> 
  custom:scripting/monoscript/fileName/NotificationBoard.cs: 87bd059547c54e733283b054d15a5599 -> 71eb65e863ab2eddd15e43807b91bb88
  custom:scripting/monoscript/fileName/StatusEffectHandler.cs: 6f80e3b32878585cd72e59087971fc13 -> c4845542ca91ad4def3225a1d467195d
  custom:scripting/monoscript/fileName/trapScript.cs: 86756d97963544c10a6b3f80ae1effc4 -> 313390cf613d4de01722fc1eaf30b896
========================================================================
Received Prepare
Caller must complete domain reload
Begin MonoManager ReloadAssembly
- Loaded All Assemblies, in  0.414 seconds
Native extension for UWP target not found
Native extension for WindowsStandalone target not found
Native extension for Android target not found
Native extension for WebGL target not found
Mono: successfully reloaded assembly
- Finished resetting the current domain, in  0.994 seconds
Domain Reload Profiling: 1407ms
	BeginReloadAssembly (147ms)
		ExecutionOrderSort (0ms)
		DisableScriptedObjects (10ms)
		BackupInstance (0ms)
		ReleaseScriptingObjects (0ms)
		CreateAndSetChildDomain (32ms)
	RebuildCommonClasses (42ms)
	RebuildNativeTypeToScriptingClass (19ms)
	initialDomainReloadingComplete (25ms)
	LoadAllAssembliesAndSetupDomain (179ms)
		LoadAssemblies (229ms)
		RebuildTransferFunctionScriptingTraits (0ms)
		AnalyzeDomain (26ms)
			TypeCache.Refresh (6ms)
				TypeCache.ScanAssembly (0ms)
			ScanForSourceGeneratedMonoScriptInfo (0ms)
			ResolveRequiredComponents (19ms)
	FinalizeReload (995ms)
		ReleaseScriptCaches (0ms)
		RebuildScriptCaches (0ms)
		SetupLoadedEditorAssemblies (426ms)
			LogAssemblyErrors (0ms)
			InitializePlatformSupportModulesInManaged (18ms)
			SetLoadedEditorAssemblies (4ms)
			RefreshPlugins (0ms)
			BeforeProcessingInitializeOnLoad (70ms)
			ProcessInitializeOnLoadAttributes (222ms)
			ProcessInitializeOnLoadMethodAttributes (108ms)
			AfterProcessingInitializeOnLoad (3ms)
			EditorAssembliesLoaded (0ms)
		ExecutionOrderSort2 (0ms)
		AwakeInstancesAfterBackupRestoration (14ms)
Refreshing native plugins compatible for Editor in 3.84 ms, found 1 plugins.
Preloading 0 native plugins for Editor in 0.00 ms.
Unloading 3671 Unused Serialized files (Serialized files now loaded: 0)
Unloading 17 unused Assets / (0.8 MB). Loaded Objects now: 4287.
Memory consumption went from 149.3 MB to 148.5 MB.
Total: 3.516700 ms (FindLiveObjects: 0.295200 ms CreateObjectMapping: 0.423200 ms MarkObjects: 2.468500 ms  DeleteObjects: 0.328700 ms)

Prepare: number of updated asset objects reloaded= 0
AssetImportParameters requested are different than current active one (requested -> active):
  custom:scripting/monoscript/fileName/cameraPoint.cs: 7fef00ae8f782b4b092b0bd9938d1e10 -> 3e361de69f44a724e07b5a40d09c4184
  custom:container-demuxer-ogg: 62fdf1f143b41e24485cea50d1cbac27 -> 
  custom:video-codec-MediaFoundation-h265: 746d11721c4dcdbdad8f713fa42b33f4 -> 
  custom:scripting/monoscript/fileName/Helpers.cs: 31257f8e09add9970de6a159d5b3177a -> 95a9cf452e7b4fe8ee862d742b495ffe
  custom:video-decoder-ogg-theora: a1e56fd34408186e4bbccfd4996cb3dc -> 
  custom:scripting/monoscript/fileName/FixedHPFollower.cs: 6a2f2c1e9ceaafce8217e750b2c17838 -> 3e52affba265d03ef2f726b120bcb7dc
  custom:scripting/monoscript/fileName/CharacterSword.cs: 63423ad61c9e8fa4c5b23da8cb417e26 -> 
  custom:scripting/monoscript/fileName/ItemDroppers.cs: 9616c2581b08ea09642fe494b01c845e -> 2740ed14065e0fcba82e750bf9c42491
  custom:framework-win-MediaFoundation: 216162199b28c13a410421893ffa2e32 -> 
  custom:scripting/monoscript/fileName/PlayerCoin.cs: 27eaec87d91af325068c21167b90843f -> d5e32de8b9e9fbe7adcb263a78e1d577
  custom:scripting/monoscript/fileName/OldBatNormal.cs: 412fe8bfc02b303367e86c00beafba4d -> 
  custom:scripting/monoscript/fileName/GameOverUI.cs: f897b8ef9f53958916b63ff9625d6bfb -> 0f56a8035be897d9d4312b932cf2e84a
  custom:scripting/monoscript/fileName/Cloud.cs: 8b337ed422c1cf27e0e7f21ea7cd094f -> 09f9dab5879c59906f61cf55dd9e586e
  custom:CustomObjectIndexerAttribute: 72b91833f83ae208fae7752999fa3104 -> 
  custom:scripting/monoscript/fileName/LOSSettings.cs: ab8d77fe66693efca3c103756f6bb583 -> 547c8766d433ef3182adbce41405dcb2
  custom:container-demuxer-webm: 4f35f7cbe854078d1ac9338744f61a02 -> 
  custom:scripting/monoscript/fileName/Destroy wall.cs: e780c39b65624424a979a68f55bf75e5 -> 45c1ba1836affb6f678affef46597422
  custom:scripting/monoscript/fileName/waterfallTrigger.cs: 0309fc22a76eeb2ebbac68e5c84b8886 -> 
  custom:scripting/monoscript/fileName/padlock.cs: 6e48627702aeabfc269d8ffae8d16237 -> 
  custom:container-muxer-webm: aa71ff27fc2769a1b78a27578f13a17b -> 
  custom:scripting/monoscript/fileName/newplatform.cs: 803137e1589c5323cd96103992318d17 -> 
  custom:video-decoder-webm-vp8: 9c59270c3fd7afecdb556c50c9e8de78 -> 
  custom:scripting/monoscript/fileName/platformMovement.cs: ef6b5699b1fda3892bb1b782ce7dad79 -> 46fbe3bb58f1f25a857df8d08a1e35df
  custom:scripting/monoscript/fileName/CoinSound.cs: e753887cbe716259e63195db110bca84 -> 85311a01d58b166a88246ae3badaeb2b
  custom:SearchIndexIgnoredProperties: e643bd26f0fe6173181afceb89e7c659 -> 
  custom:AudioImporter_EditorPlatform: d09bf68614088b80899f8185d706f6e7 -> 
  custom:scripting/monoscript/fileName/key.cs: f0d5955d4ce0621b4aaabc51e0ed8284 -> e705ba1a68159bb17375f9be207a658a
  custom:scripting/monoscript/fileName/CameraController.cs: 9bca34d00437a544322171e8b9fd122e -> 8ffd97e04949c7e62861e38199b5b711
  custom:scripting/monoscript/fileName/batwithplatform.cs: c198adb0b259543cde01931be055e7a6 -> 
  custom:scripting/monoscript/fileName/checkPoint.cs: 0e1ae73712832117281a8e631b81c3fe -> 9817e76e46ad9e670ee8662a36b4b6d0
  custom:scripting/monoscript/fileName/notiUI.cs: 40682f82b0b437367210bdcf67701207 -> 7c3a1f9c07e4d3653ac8f77e4271d165
  custom:scripting/monoscript/fileName/IEnemy.cs: 62118bdd50cae9b6658e90c269d15538 -> d95ade3e2a1e8c62b2f21c4780424a07
  custom:video-encoder-webm-vp8: eb34c28f22e8b96e1ab97ce403110664 -> 
  custom:audio-decoder-ogg-vorbis: bf7c407c2cedff20999df2af8eb42d56 -> 
  custom:scripting/monoscript/fileName/AnimationEventRelay.cs: 1e6ae1e99b48fc859d9b04375e773146 -> 5095c46a875dabdfc7b7b2f9e7f2cb96
  custom:scripting/monoscript/fileName/waterfall.cs: 3154dffab6095130b6e31fe753d51df7 -> 
  custom:scripting/monoscript/fileName/playerMovement.cs: 43e646ed4f37edd59e99a6d3221a5fa3 -> 8e7e86f6e84f8ed53174c5251664097e
  custom:scripting/monoscript/fileName/Youlose.cs: 7cc0ccda3382edeacde3228aa6c8bcd9 -> 37b57fe5c6ac1a8ce93ee1fddd4e103e
  custom:audio-encoder-webm-vorbis: bf7c407c2cedff20999df2af8eb42d56 -> 
  custom:scripting/monoscript/fileName/NotificationBoard.cs: 87bd059547c54e733283b054d15a5599 -> 71eb65e863ab2eddd15e43807b91bb88
  custom:scripting/monoscript/fileName/StatusEffectHandler.cs: 6f80e3b32878585cd72e59087971fc13 -> c4845542ca91ad4def3225a1d467195d
  custom:scripting/monoscript/fileName/trapScript.cs: 86756d97963544c10a6b3f80ae1effc4 -> 313390cf613d4de01722fc1eaf30b896
========================================================================
Received Import Request.
  Time since last request: 36132.361348 seconds.
  path: Assets/IMG/Khoi/DungeonTale/DungeonTale/Aseprite/Coin.ase
  artifactKey: Guid(f1a76d70a50b8af46a0ae1e099de812b) Importer(815301076,1909f56bfc062723c751e8b465ee728b)
Start importing Assets/IMG/Khoi/DungeonTale/DungeonTale/Aseprite/Coin.ase using Guid(f1a76d70a50b8af46a0ae1e099de812b) Importer(815301076,1909f56bfc062723c751e8b465ee728b) [PhysX] Initialized MultithreadedTaskDispatcher with 8 workers.
[PhysX] Initialized MultithreadedTaskDispatcher with 8 workers.
[PhysX] Initialized MultithreadedTaskDispatcher with 8 workers.
 -> (artifact id: '568d657ebc4506755e24d91c0a8ccda2') in 0.213889 seconds
Number of updated asset objects reloaded before import = 0
Number of asset objects unloaded after import = 21
========================================================================
Received Import Request.
  Time since last request: 0.000094 seconds.
  path: Assets/IMG/Khoi/DungeonTale/DungeonTale/Aseprite/Fx.ase
  artifactKey: Guid(02f747493ff1e3547b3f75a25e5c1072) Importer(815301076,1909f56bfc062723c751e8b465ee728b)
Start importing Assets/IMG/Khoi/DungeonTale/DungeonTale/Aseprite/Fx.ase using Guid(02f747493ff1e3547b3f75a25e5c1072) Importer(815301076,1909f56bfc062723c751e8b465ee728b) [PhysX] Initialized MultithreadedTaskDispatcher with 8 workers.
[PhysX] Initialized MultithreadedTaskDispatcher with 8 workers.
[PhysX] Initialized MultithreadedTaskDispatcher with 8 workers.
 -> (artifact id: '214a0ff8b0f0511cbcb75b3d01f21495') in 0.077077 seconds
Number of updated asset objects reloaded before import = 0
Number of asset objects unloaded after import = 34
========================================================================
Received Import Request.
  Time since last request: 0.000023 seconds.
  path: Assets/IMG/Khoi/DungeonTale/DungeonTale/Aseprite/Hero.ase
  artifactKey: Guid(a126e26b6ebd3604fbc37c10bc27f38b) Importer(815301076,1909f56bfc062723c751e8b465ee728b)
Start importing Assets/IMG/Khoi/DungeonTale/DungeonTale/Aseprite/Hero.ase using Guid(a126e26b6ebd3604fbc37c10bc27f38b) Importer(815301076,1909f56bfc062723c751e8b465ee728b) [PhysX] Initialized MultithreadedTaskDispatcher with 8 workers.
[PhysX] Initialized MultithreadedTaskDispatcher with 8 workers.
[PhysX] Initialized MultithreadedTaskDispatcher with 8 workers.
 -> (artifact id: '34eef6c8d5ae5d480bfd9b2c82e1f9b2') in 0.157151 seconds
Number of updated asset objects reloaded before import = 0
Number of asset objects unloaded after import = 82
========================================================================
Received Import Request.
  Time since last request: 86.619495 seconds.
  path: Assets/Prefab/HowtoPlay Board.prefab
  artifactKey: Guid(e352115b861f27846a17a10003da9c76) Importer(815301076,1909f56bfc062723c751e8b465ee728b)
Start importing Assets/Prefab/HowtoPlay Board.prefab using Guid(e352115b861f27846a17a10003da9c76) Importer(815301076,1909f56bfc062723c751e8b465ee728b) [PhysX] Initialized MultithreadedTaskDispatcher with 8 workers.
[PhysX] Initialized MultithreadedTaskDispatcher with 8 workers.
 -> (artifact id: '99b1e9f36a4734c90707b3a55470a08a') in 0.027349 seconds
Number of updated asset objects reloaded before import = 0
Number of asset objects unloaded after import = 98
========================================================================
Received Import Request.
  Time since last request: 105.974843 seconds.
  path: Assets/Prefab/UI/HowtoPlay Board.prefab
  artifactKey: Guid(aec358218fc0e164899def1b91631e96) Importer(815301076,1909f56bfc062723c751e8b465ee728b)
Start importing Assets/Prefab/UI/HowtoPlay Board.prefab using Guid(aec358218fc0e164899def1b91631e96) Importer(815301076,1909f56bfc062723c751e8b465ee728b) [PhysX] Initialized MultithreadedTaskDispatcher with 8 workers.
[PhysX] Initialized MultithreadedTaskDispatcher with 8 workers.
 -> (artifact id: 'f500613f16bc807421591c3f8c7841e4') in 0.030073 seconds
Number of updated asset objects reloaded before import = 0
Number of asset objects unloaded after import = 98
========================================================================
Received Import Request.
  Time since last request: 0.000018 seconds.
  path: Assets/Prefab/UI/Notification Board.prefab
  artifactKey: Guid(ddec58b3bc566b943a2e561eeaca0c2d) Importer(815301076,1909f56bfc062723c751e8b465ee728b)
Start importing Assets/Prefab/UI/Notification Board.prefab using Guid(ddec58b3bc566b943a2e561eeaca0c2d) Importer(815301076,1909f56bfc062723c751e8b465ee728b) [PhysX] Initialized MultithreadedTaskDispatcher with 8 workers.
[PhysX] Initialized MultithreadedTaskDispatcher with 8 workers.
 -> (artifact id: '2f417cd85d8e5af55f00a876b0f5d420') in 0.026221 seconds
Number of updated asset objects reloaded before import = 0
Number of asset objects unloaded after import = 98
========================================================================
Received Import Request.
  Time since last request: 3.698663 seconds.
  path: Assets/Prefab/UI/Notification Board.prefab
  artifactKey: Guid(ddec58b3bc566b943a2e561eeaca0c2d) Importer(815301076,1909f56bfc062723c751e8b465ee728b)
Start importing Assets/Prefab/UI/Notification Board.prefab using Guid(ddec58b3bc566b943a2e561eeaca0c2d) Importer(815301076,1909f56bfc062723c751e8b465ee728b) [PhysX] Initialized MultithreadedTaskDispatcher with 8 workers.
[PhysX] Initialized MultithreadedTaskDispatcher with 8 workers.
 -> (artifact id: '2f417cd85d8e5af55f00a876b0f5d420') in 0.013965 seconds
Number of updated asset objects reloaded before import = 0
Number of asset objects unloaded after import = 98
========================================================================
Received Prepare
Caller must complete domain reload
Begin MonoManager ReloadAssembly
- Loaded All Assemblies, in  0.413 seconds
Native extension for UWP target not found
Native extension for WindowsStandalone target not found
Native extension for Android target not found
Native extension for WebGL target not found
Mono: successfully reloaded assembly
- Finished resetting the current domain, in  1.048 seconds
Domain Reload Profiling: 1457ms
	BeginReloadAssembly (156ms)
		ExecutionOrderSort (0ms)
		DisableScriptedObjects (13ms)
		BackupInstance (0ms)
		ReleaseScriptingObjects (0ms)
		CreateAndSetChildDomain (30ms)
	RebuildCommonClasses (40ms)
	RebuildNativeTypeToScriptingClass (14ms)
	initialDomainReloadingComplete (23ms)
	LoadAllAssembliesAndSetupDomain (176ms)
		LoadAssemblies (238ms)
		RebuildTransferFunctionScriptingTraits (0ms)
		AnalyzeDomain (19ms)
			TypeCache.Refresh (5ms)
				TypeCache.ScanAssembly (0ms)
			ScanForSourceGeneratedMonoScriptInfo (0ms)
			ResolveRequiredComponents (13ms)
	FinalizeReload (1048ms)
		ReleaseScriptCaches (0ms)
		RebuildScriptCaches (0ms)
		SetupLoadedEditorAssemblies (394ms)
			LogAssemblyErrors (0ms)
			InitializePlatformSupportModulesInManaged (17ms)
			SetLoadedEditorAssemblies (3ms)
			RefreshPlugins (0ms)
			BeforeProcessingInitializeOnLoad (72ms)
			ProcessInitializeOnLoadAttributes (205ms)
			ProcessInitializeOnLoadMethodAttributes (93ms)
			AfterProcessingInitializeOnLoad (4ms)
			EditorAssembliesLoaded (0ms)
		ExecutionOrderSort2 (0ms)
		AwakeInstancesAfterBackupRestoration (14ms)
Refreshing native plugins compatible for Editor in 3.96 ms, found 1 plugins.
Preloading 0 native plugins for Editor in 0.00 ms.
Unloading 3671 Unused Serialized files (Serialized files now loaded: 0)
Unloading 19 unused Assets / (0.8 MB). Loaded Objects now: 4347.
Memory consumption went from 158.0 MB to 157.2 MB.
Total: 5.374000 ms (FindLiveObjects: 0.502900 ms CreateObjectMapping: 0.958700 ms MarkObjects: 3.477500 ms  DeleteObjects: 0.433600 ms)

Prepare: number of updated asset objects reloaded= 0
AssetImportParameters requested are different than current active one (requested -> active):
  custom:scripting/monoscript/fileName/cameraPoint.cs: 7fef00ae8f782b4b092b0bd9938d1e10 -> 3e361de69f44a724e07b5a40d09c4184
  custom:container-demuxer-ogg: 62fdf1f143b41e24485cea50d1cbac27 -> 
  custom:video-codec-MediaFoundation-h265: 746d11721c4dcdbdad8f713fa42b33f4 -> 
  custom:scripting/monoscript/fileName/Helpers.cs: 31257f8e09add9970de6a159d5b3177a -> 95a9cf452e7b4fe8ee862d742b495ffe
  custom:video-decoder-ogg-theora: a1e56fd34408186e4bbccfd4996cb3dc -> 
  custom:scripting/monoscript/fileName/FixedHPFollower.cs: 6a2f2c1e9ceaafce8217e750b2c17838 -> 3e52affba265d03ef2f726b120bcb7dc
  custom:scripting/monoscript/fileName/CharacterSword.cs: 63423ad61c9e8fa4c5b23da8cb417e26 -> 
  custom:scripting/monoscript/fileName/ItemDroppers.cs: 9616c2581b08ea09642fe494b01c845e -> 2740ed14065e0fcba82e750bf9c42491
  custom:framework-win-MediaFoundation: 216162199b28c13a410421893ffa2e32 -> 
  custom:scripting/monoscript/fileName/PlayerCoin.cs: 27eaec87d91af325068c21167b90843f -> d5e32de8b9e9fbe7adcb263a78e1d577
  custom:scripting/monoscript/fileName/OldBatNormal.cs: 412fe8bfc02b303367e86c00beafba4d -> 
  custom:scripting/monoscript/fileName/GameOverUI.cs: f897b8ef9f53958916b63ff9625d6bfb -> 0f56a8035be897d9d4312b932cf2e84a
  custom:scripting/monoscript/fileName/Cloud.cs: 8b337ed422c1cf27e0e7f21ea7cd094f -> 09f9dab5879c59906f61cf55dd9e586e
  custom:CustomObjectIndexerAttribute: 72b91833f83ae208fae7752999fa3104 -> 
  custom:scripting/monoscript/fileName/LOSSettings.cs: ab8d77fe66693efca3c103756f6bb583 -> 547c8766d433ef3182adbce41405dcb2
  custom:container-demuxer-webm: 4f35f7cbe854078d1ac9338744f61a02 -> 
  custom:scripting/monoscript/fileName/Destroy wall.cs: e780c39b65624424a979a68f55bf75e5 -> 45c1ba1836affb6f678affef46597422
  custom:scripting/monoscript/fileName/waterfallTrigger.cs: 0309fc22a76eeb2ebbac68e5c84b8886 -> 
  custom:scripting/monoscript/fileName/padlock.cs: 6e48627702aeabfc269d8ffae8d16237 -> 
  custom:container-muxer-webm: aa71ff27fc2769a1b78a27578f13a17b -> 
  custom:scripting/monoscript/fileName/newplatform.cs: 803137e1589c5323cd96103992318d17 -> 
  custom:video-decoder-webm-vp8: 9c59270c3fd7afecdb556c50c9e8de78 -> 
  custom:scripting/monoscript/fileName/platformMovement.cs: ef6b5699b1fda3892bb1b782ce7dad79 -> 46fbe3bb58f1f25a857df8d08a1e35df
  custom:scripting/monoscript/fileName/CoinSound.cs: e753887cbe716259e63195db110bca84 -> 85311a01d58b166a88246ae3badaeb2b
  custom:SearchIndexIgnoredProperties: e643bd26f0fe6173181afceb89e7c659 -> 
  custom:AudioImporter_EditorPlatform: d09bf68614088b80899f8185d706f6e7 -> 
  custom:scripting/monoscript/fileName/key.cs: f0d5955d4ce0621b4aaabc51e0ed8284 -> e705ba1a68159bb17375f9be207a658a
  custom:scripting/monoscript/fileName/CameraController.cs: 9bca34d00437a544322171e8b9fd122e -> 8ffd97e04949c7e62861e38199b5b711
  custom:scripting/monoscript/fileName/batwithplatform.cs: c198adb0b259543cde01931be055e7a6 -> 
  custom:scripting/monoscript/fileName/checkPoint.cs: 0e1ae73712832117281a8e631b81c3fe -> 9817e76e46ad9e670ee8662a36b4b6d0
  custom:scripting/monoscript/fileName/notiUI.cs: 40682f82b0b437367210bdcf67701207 -> 7c3a1f9c07e4d3653ac8f77e4271d165
  custom:scripting/monoscript/fileName/IEnemy.cs: 62118bdd50cae9b6658e90c269d15538 -> d95ade3e2a1e8c62b2f21c4780424a07
  custom:video-encoder-webm-vp8: eb34c28f22e8b96e1ab97ce403110664 -> 
  custom:audio-decoder-ogg-vorbis: bf7c407c2cedff20999df2af8eb42d56 -> 
  custom:scripting/monoscript/fileName/AnimationEventRelay.cs: 1e6ae1e99b48fc859d9b04375e773146 -> 5095c46a875dabdfc7b7b2f9e7f2cb96
  custom:scripting/monoscript/fileName/waterfall.cs: 3154dffab6095130b6e31fe753d51df7 -> 
  custom:scripting/monoscript/fileName/playerMovement.cs: 43e646ed4f37edd59e99a6d3221a5fa3 -> 8e7e86f6e84f8ed53174c5251664097e
  custom:scripting/monoscript/fileName/Youlose.cs: 7cc0ccda3382edeacde3228aa6c8bcd9 -> 37b57fe5c6ac1a8ce93ee1fddd4e103e
  custom:audio-encoder-webm-vorbis: bf7c407c2cedff20999df2af8eb42d56 -> 
  custom:scripting/monoscript/fileName/NotificationBoard.cs: 87bd059547c54e733283b054d15a5599 -> 71eb65e863ab2eddd15e43807b91bb88
  custom:scripting/monoscript/fileName/StatusEffectHandler.cs: 6f80e3b32878585cd72e59087971fc13 -> c4845542ca91ad4def3225a1d467195d
  custom:scripting/monoscript/fileName/trapScript.cs: 86756d97963544c10a6b3f80ae1effc4 -> 313390cf613d4de01722fc1eaf30b896
========================================================================
Received Prepare
Caller must complete domain reload
Begin MonoManager ReloadAssembly
- Loaded All Assemblies, in  0.403 seconds
Native extension for UWP target not found
Native extension for WindowsStandalone target not found
Native extension for Android target not found
Native extension for WebGL target not found
Mono: successfully reloaded assembly
- Finished resetting the current domain, in  1.024 seconds
Domain Reload Profiling: 1425ms
	BeginReloadAssembly (151ms)
		ExecutionOrderSort (0ms)
		DisableScriptedObjects (15ms)
		BackupInstance (0ms)
		ReleaseScriptingObjects (0ms)
		CreateAndSetChildDomain (29ms)
	RebuildCommonClasses (37ms)
	RebuildNativeTypeToScriptingClass (11ms)
	initialDomainReloadingComplete (22ms)
	LoadAllAssembliesAndSetupDomain (179ms)
		LoadAssemblies (236ms)
		RebuildTransferFunctionScriptingTraits (0ms)
		AnalyzeDomain (21ms)
			TypeCache.Refresh (5ms)
				TypeCache.ScanAssembly (0ms)
			ScanForSourceGeneratedMonoScriptInfo (0ms)
			ResolveRequiredComponents (14ms)
	FinalizeReload (1024ms)
		ReleaseScriptCaches (0ms)
		RebuildScriptCaches (0ms)
		SetupLoadedEditorAssemblies (416ms)
			LogAssemblyErrors (0ms)
			InitializePlatformSupportModulesInManaged (18ms)
			SetLoadedEditorAssemblies (3ms)
			RefreshPlugins (0ms)
			BeforeProcessingInitializeOnLoad (68ms)
			ProcessInitializeOnLoadAttributes (230ms)
			ProcessInitializeOnLoadMethodAttributes (95ms)
			AfterProcessingInitializeOnLoad (2ms)
			EditorAssembliesLoaded (0ms)
		ExecutionOrderSort2 (0ms)
		AwakeInstancesAfterBackupRestoration (19ms)
Refreshing native plugins compatible for Editor in 3.66 ms, found 1 plugins.
Preloading 0 native plugins for Editor in 0.00 ms.
Unloading 3671 Unused Serialized files (Serialized files now loaded: 0)
Unloading 17 unused Assets / (0.8 MB). Loaded Objects now: 4363.
Memory consumption went from 158.0 MB to 157.2 MB.
Total: 4.537700 ms (FindLiveObjects: 0.397400 ms CreateObjectMapping: 0.403200 ms MarkObjects: 3.130000 ms  DeleteObjects: 0.606000 ms)

Prepare: number of updated asset objects reloaded= 0
AssetImportParameters requested are different than current active one (requested -> active):
  custom:scripting/monoscript/fileName/cameraPoint.cs: 7fef00ae8f782b4b092b0bd9938d1e10 -> 3e361de69f44a724e07b5a40d09c4184
  custom:container-demuxer-ogg: 62fdf1f143b41e24485cea50d1cbac27 -> 
  custom:video-codec-MediaFoundation-h265: 746d11721c4dcdbdad8f713fa42b33f4 -> 
  custom:scripting/monoscript/fileName/Helpers.cs: 31257f8e09add9970de6a159d5b3177a -> 95a9cf452e7b4fe8ee862d742b495ffe
  custom:video-decoder-ogg-theora: a1e56fd34408186e4bbccfd4996cb3dc -> 
  custom:scripting/monoscript/fileName/FixedHPFollower.cs: 6a2f2c1e9ceaafce8217e750b2c17838 -> 3e52affba265d03ef2f726b120bcb7dc
  custom:scripting/monoscript/fileName/CharacterSword.cs: 63423ad61c9e8fa4c5b23da8cb417e26 -> 
  custom:scripting/monoscript/fileName/ItemDroppers.cs: 9616c2581b08ea09642fe494b01c845e -> 2740ed14065e0fcba82e750bf9c42491
  custom:framework-win-MediaFoundation: 216162199b28c13a410421893ffa2e32 -> 
  custom:scripting/monoscript/fileName/PlayerCoin.cs: 27eaec87d91af325068c21167b90843f -> d5e32de8b9e9fbe7adcb263a78e1d577
  custom:scripting/monoscript/fileName/OldBatNormal.cs: 412fe8bfc02b303367e86c00beafba4d -> 
  custom:scripting/monoscript/fileName/GameOverUI.cs: f897b8ef9f53958916b63ff9625d6bfb -> 0f56a8035be897d9d4312b932cf2e84a
  custom:scripting/monoscript/fileName/Cloud.cs: 8b337ed422c1cf27e0e7f21ea7cd094f -> 09f9dab5879c59906f61cf55dd9e586e
  custom:CustomObjectIndexerAttribute: 72b91833f83ae208fae7752999fa3104 -> 
  custom:scripting/monoscript/fileName/LOSSettings.cs: ab8d77fe66693efca3c103756f6bb583 -> 547c8766d433ef3182adbce41405dcb2
  custom:container-demuxer-webm: 4f35f7cbe854078d1ac9338744f61a02 -> 
  custom:scripting/monoscript/fileName/Destroy wall.cs: e780c39b65624424a979a68f55bf75e5 -> 45c1ba1836affb6f678affef46597422
  custom:scripting/monoscript/fileName/waterfallTrigger.cs: 0309fc22a76eeb2ebbac68e5c84b8886 -> 
  custom:scripting/monoscript/fileName/padlock.cs: 6e48627702aeabfc269d8ffae8d16237 -> 
  custom:container-muxer-webm: aa71ff27fc2769a1b78a27578f13a17b -> 
  custom:scripting/monoscript/fileName/newplatform.cs: 803137e1589c5323cd96103992318d17 -> 
  custom:video-decoder-webm-vp8: 9c59270c3fd7afecdb556c50c9e8de78 -> 
  custom:scripting/monoscript/fileName/platformMovement.cs: ef6b5699b1fda3892bb1b782ce7dad79 -> 46fbe3bb58f1f25a857df8d08a1e35df
  custom:scripting/monoscript/fileName/CoinSound.cs: e753887cbe716259e63195db110bca84 -> 85311a01d58b166a88246ae3badaeb2b
  custom:SearchIndexIgnoredProperties: e643bd26f0fe6173181afceb89e7c659 -> 
  custom:AudioImporter_EditorPlatform: d09bf68614088b80899f8185d706f6e7 -> 
  custom:scripting/monoscript/fileName/key.cs: f0d5955d4ce0621b4aaabc51e0ed8284 -> e705ba1a68159bb17375f9be207a658a
  custom:scripting/monoscript/fileName/CameraController.cs: 9bca34d00437a544322171e8b9fd122e -> 8ffd97e04949c7e62861e38199b5b711
  custom:scripting/monoscript/fileName/batwithplatform.cs: c198adb0b259543cde01931be055e7a6 -> 
  custom:scripting/monoscript/fileName/checkPoint.cs: 0e1ae73712832117281a8e631b81c3fe -> 9817e76e46ad9e670ee8662a36b4b6d0
  custom:scripting/monoscript/fileName/notiUI.cs: 40682f82b0b437367210bdcf67701207 -> 7c3a1f9c07e4d3653ac8f77e4271d165
  custom:scripting/monoscript/fileName/IEnemy.cs: 62118bdd50cae9b6658e90c269d15538 -> d95ade3e2a1e8c62b2f21c4780424a07
  custom:video-encoder-webm-vp8: eb34c28f22e8b96e1ab97ce403110664 -> 
  custom:audio-decoder-ogg-vorbis: bf7c407c2cedff20999df2af8eb42d56 -> 
  custom:scripting/monoscript/fileName/AnimationEventRelay.cs: 1e6ae1e99b48fc859d9b04375e773146 -> 5095c46a875dabdfc7b7b2f9e7f2cb96
  custom:scripting/monoscript/fileName/waterfall.cs: 3154dffab6095130b6e31fe753d51df7 -> 
  custom:scripting/monoscript/fileName/playerMovement.cs: 43e646ed4f37edd59e99a6d3221a5fa3 -> 8e7e86f6e84f8ed53174c5251664097e
  custom:scripting/monoscript/fileName/Youlose.cs: 7cc0ccda3382edeacde3228aa6c8bcd9 -> 37b57fe5c6ac1a8ce93ee1fddd4e103e
  custom:audio-encoder-webm-vorbis: bf7c407c2cedff20999df2af8eb42d56 -> 
  custom:scripting/monoscript/fileName/NotificationBoard.cs: 87bd059547c54e733283b054d15a5599 -> 71eb65e863ab2eddd15e43807b91bb88
  custom:scripting/monoscript/fileName/StatusEffectHandler.cs: 6f80e3b32878585cd72e59087971fc13 -> c4845542ca91ad4def3225a1d467195d
  custom:scripting/monoscript/fileName/trapScript.cs: 86756d97963544c10a6b3f80ae1effc4 -> 313390cf613d4de01722fc1eaf30b896
