Using pre-set license
Built from '2022.3/staging' branch; Version is '2022.3.45f1 (a13dfa44d684) revision 10567162'; Using compiler version '192829333'; Build Type 'Release'
OS: 'Windows 11  (10.0.26100) 64bit Professional' Language: 'en' Physical Memory: 16221 MB
BatchMode: 1, IsHumanControllingUs: 0, StartBugReporterOnCrash: 0, Is64bit: 1, IsPro: 1

COMMAND LINE ARGUMENTS:
E:\Unity Editor\2022.3.45f1\Editor\Unity.exe
-adb2
-batchMode
-noUpm
-name
AssetImportWorker5
-projectPath
C:/Users/minhq/OneDrive/Documents/GitHub/duan
-logFile
Logs/AssetImportWorker5.log
-srvPort
54373
Successfully changed project path to: C:/Users/minhq/OneDrive/Documents/GitHub/duan
C:/Users/minhq/OneDrive/Documents/GitHub/duan
[UnityMemory] Configuration Parameters - Can be set up in boot.config
    "memorysetup-bucket-allocator-granularity=16"
    "memorysetup-bucket-allocator-bucket-count=8"
    "memorysetup-bucket-allocator-block-size=33554432"
    "memorysetup-bucket-allocator-block-count=8"
    "memorysetup-main-allocator-block-size=16777216"
    "memorysetup-thread-allocator-block-size=16777216"
    "memorysetup-gfx-main-allocator-block-size=16777216"
    "memorysetup-gfx-thread-allocator-block-size=16777216"
    "memorysetup-cache-allocator-block-size=4194304"
    "memorysetup-typetree-allocator-block-size=2097152"
    "memorysetup-profiler-bucket-allocator-granularity=16"
    "memorysetup-profiler-bucket-allocator-bucket-count=8"
    "memorysetup-profiler-bucket-allocator-block-size=33554432"
    "memorysetup-profiler-bucket-allocator-block-count=8"
    "memorysetup-profiler-allocator-block-size=16777216"
    "memorysetup-profiler-editor-allocator-block-size=1048576"
    "memorysetup-temp-allocator-size-main=16777216"
    "memorysetup-job-temp-allocator-block-size=2097152"
    "memorysetup-job-temp-allocator-block-size-background=1048576"
    "memorysetup-job-temp-allocator-reduction-small-platforms=262144"
    "memorysetup-allocator-temp-initial-block-size-main=262144"
    "memorysetup-allocator-temp-initial-block-size-worker=262144"
    "memorysetup-temp-allocator-size-background-worker=32768"
    "memorysetup-temp-allocator-size-job-worker=262144"
    "memorysetup-temp-allocator-size-preload-manager=33554432"
    "memorysetup-temp-allocator-size-nav-mesh-worker=65536"
    "memorysetup-temp-allocator-size-audio-worker=65536"
    "memorysetup-temp-allocator-size-cloud-worker=32768"
    "memorysetup-temp-allocator-size-gi-baking-worker=262144"
    "memorysetup-temp-allocator-size-gfx=262144"
Player connection [14500]  Target information:

Player connection [14500]  * "[IP] 192.168.1.3 [Port] 0 [Flags] 2 [Guid] 1947270637 [EditorId] 1947270637 [Version] 1048832 [Id] WindowsEditor(7,PC) [Debug] 1 [PackageName] WindowsEditor [ProjectName] Editor" 

Player connection [14500] Host joined multi-casting on [225.0.0.222:54997]...
Player connection [14500] Host joined alternative multi-casting on [225.0.0.222:34997]...
[PhysX] Initialized MultithreadedTaskDispatcher with 8 workers.
Refreshing native plugins compatible for Editor in 8.28 ms, found 1 plugins.
Preloading 0 native plugins for Editor in 0.00 ms.
Initialize engine version: 2022.3.45f1 (a13dfa44d684)
[Subsystems] Discovering subsystems at path E:/Unity Editor/2022.3.45f1/Editor/Data/Resources/UnitySubsystems
[Subsystems] Discovering subsystems at path C:/Users/minhq/OneDrive/Documents/GitHub/duan/Assets
GfxDevice: creating device client; threaded=0; jobified=0
Direct3D:
    Version:  Direct3D 11.0 [level 11.1]
    Renderer: NVIDIA GeForce GTX 1650 (ID=0x1f99)
    Vendor:   NVIDIA
    VRAM:     3937 MB
    Driver:   32.0.15.6636
Initialize mono
Mono path[0] = 'E:/Unity Editor/2022.3.45f1/Editor/Data/Managed'
Mono path[1] = 'E:/Unity Editor/2022.3.45f1/Editor/Data/MonoBleedingEdge/lib/mono/unityjit-win32'
Mono config path = 'E:/Unity Editor/2022.3.45f1/Editor/Data/MonoBleedingEdge/etc'
Using monoOptions --debugger-agent=transport=dt_socket,embedding=1,server=y,suspend=n,address=127.0.0.1:56220
Begin MonoManager ReloadAssembly
Registering precompiled unity dll's ...
Register platform support module: E:/Unity Editor/2022.3.45f1/Editor/Data/PlaybackEngines/WebGLSupport/UnityEditor.WebGL.Extensions.dll
Register platform support module: E:/Unity Editor/2022.3.45f1/Editor/Data/PlaybackEngines/AndroidPlayer/UnityEditor.Android.Extensions.dll
Register platform support module: E:/Unity Editor/2022.3.45f1/Editor/Data/PlaybackEngines/WindowsStandaloneSupport/UnityEditor.WindowsStandalone.Extensions.dll
Register platform support module: E:/Unity Editor/2022.3.45f1/Editor/Data/PlaybackEngines/MetroSupport/UnityEditor.UWP.Extensions.dll
Registered in 0.010578 seconds.
- Loaded All Assemblies, in  0.495 seconds
Native extension for UWP target not found
Native extension for WindowsStandalone target not found
Native extension for Android target not found
Android Extension - Scanning For ADB Devices 251 ms
Native extension for WebGL target not found
Mono: successfully reloaded assembly
- Finished resetting the current domain, in  0.569 seconds
Domain Reload Profiling: 1063ms
	BeginReloadAssembly (135ms)
		ExecutionOrderSort (0ms)
		DisableScriptedObjects (0ms)
		BackupInstance (0ms)
		ReleaseScriptingObjects (0ms)
		CreateAndSetChildDomain (1ms)
	RebuildCommonClasses (58ms)
	RebuildNativeTypeToScriptingClass (18ms)
	initialDomainReloadingComplete (78ms)
	LoadAllAssembliesAndSetupDomain (205ms)
		LoadAssemblies (135ms)
		RebuildTransferFunctionScriptingTraits (0ms)
		AnalyzeDomain (202ms)
			TypeCache.Refresh (200ms)
				TypeCache.ScanAssembly (183ms)
			ScanForSourceGeneratedMonoScriptInfo (1ms)
			ResolveRequiredComponents (1ms)
	FinalizeReload (569ms)
		ReleaseScriptCaches (0ms)
		RebuildScriptCaches (0ms)
		SetupLoadedEditorAssemblies (517ms)
			LogAssemblyErrors (0ms)
			InitializePlatformSupportModulesInManaged (332ms)
			SetLoadedEditorAssemblies (4ms)
			RefreshPlugins (0ms)
			BeforeProcessingInitializeOnLoad (2ms)
			ProcessInitializeOnLoadAttributes (129ms)
			ProcessInitializeOnLoadMethodAttributes (51ms)
			AfterProcessingInitializeOnLoad (0ms)
			EditorAssembliesLoaded (0ms)
		ExecutionOrderSort2 (0ms)
		AwakeInstancesAfterBackupRestoration (0ms)
========================================================================
Worker process is ready to serve import requests
Caller must complete domain reload
Begin MonoManager ReloadAssembly
- Loaded All Assemblies, in  0.551 seconds
Native extension for UWP target not found
Native extension for WindowsStandalone target not found
Native extension for Android target not found
Native extension for WebGL target not found
Mono: successfully reloaded assembly
- Finished resetting the current domain, in  0.590 seconds
Domain Reload Profiling: 1139ms
	BeginReloadAssembly (149ms)
		ExecutionOrderSort (0ms)
		DisableScriptedObjects (6ms)
		BackupInstance (0ms)
		ReleaseScriptingObjects (0ms)
		CreateAndSetChildDomain (22ms)
	RebuildCommonClasses (35ms)
	RebuildNativeTypeToScriptingClass (12ms)
	initialDomainReloadingComplete (38ms)
	LoadAllAssembliesAndSetupDomain (314ms)
		LoadAssemblies (245ms)
		RebuildTransferFunctionScriptingTraits (0ms)
		AnalyzeDomain (153ms)
			TypeCache.Refresh (117ms)
				TypeCache.ScanAssembly (101ms)
			ScanForSourceGeneratedMonoScriptInfo (22ms)
			ResolveRequiredComponents (13ms)
	FinalizeReload (590ms)
		ReleaseScriptCaches (0ms)
		RebuildScriptCaches (0ms)
		SetupLoadedEditorAssemblies (414ms)
			LogAssemblyErrors (0ms)
			InitializePlatformSupportModulesInManaged (18ms)
			SetLoadedEditorAssemblies (3ms)
			RefreshPlugins (0ms)
			BeforeProcessingInitializeOnLoad (71ms)
			ProcessInitializeOnLoadAttributes (219ms)
			ProcessInitializeOnLoadMethodAttributes (100ms)
			AfterProcessingInitializeOnLoad (2ms)
			EditorAssembliesLoaded (0ms)
		ExecutionOrderSort2 (0ms)
		AwakeInstancesAfterBackupRestoration (6ms)
Launched and connected shader compiler UnityShaderCompiler.exe after 0.04 seconds
Refreshing native plugins compatible for Editor in 2.70 ms, found 1 plugins.
Preloading 0 native plugins for Editor in 0.00 ms.
Unloading 3779 Unused Serialized files (Serialized files now loaded: 0)
Unloading 41 unused Assets / (0.8 MB). Loaded Objects now: 4262.
Memory consumption went from 176.3 MB to 175.5 MB.
Total: 3.134500 ms (FindLiveObjects: 0.282500 ms CreateObjectMapping: 0.279300 ms MarkObjects: 2.242400 ms  DeleteObjects: 0.329400 ms)

AssetImportParameters requested are different than current active one (requested -> active):
  custom:container-demuxer-ogg: 62fdf1f143b41e24485cea50d1cbac27 -> 
  custom:video-codec-MediaFoundation-h265: 746d11721c4dcdbdad8f713fa42b33f4 -> 
  custom:video-decoder-ogg-theora: a1e56fd34408186e4bbccfd4996cb3dc -> 
  custom:framework-win-MediaFoundation: 216162199b28c13a410421893ffa2e32 -> 
  custom:CustomObjectIndexerAttribute: 72b91833f83ae208fae7752999fa3104 -> 
  custom:container-demuxer-webm: 4f35f7cbe854078d1ac9338744f61a02 -> 
  custom:container-muxer-webm: aa71ff27fc2769a1b78a27578f13a17b -> 
  custom:video-decoder-webm-vp8: 9c59270c3fd7afecdb556c50c9e8de78 -> 
  custom:SearchIndexIgnoredProperties: e643bd26f0fe6173181afceb89e7c659 -> 
  custom:AudioImporter_EditorPlatform: d09bf68614088b80899f8185d706f6e7 -> 
  custom:video-encoder-webm-vp8: eb34c28f22e8b96e1ab97ce403110664 -> 
  custom:audio-decoder-ogg-vorbis: bf7c407c2cedff20999df2af8eb42d56 -> 
  custom:audio-encoder-webm-vorbis: bf7c407c2cedff20999df2af8eb42d56 -> 
========================================================================
Received Import Request.
  Time since last request: 116511.607335 seconds.
  path: Assets/Prefab/Enemy/IceGuardian.prefab
  artifactKey: Guid(86a19f5d9e9c5884c97b7d3045705efa) Importer(815301076,1909f56bfc062723c751e8b465ee728b)
Start importing Assets/Prefab/Enemy/IceGuardian.prefab using Guid(86a19f5d9e9c5884c97b7d3045705efa) Importer(815301076,1909f56bfc062723c751e8b465ee728b) [PhysX] Initialized MultithreadedTaskDispatcher with 8 workers.
[PhysX] Initialized MultithreadedTaskDispatcher with 8 workers.
 -> (artifact id: '9aac48319c58b37a218386bd533b5e88') in 0.511878 seconds
Number of updated asset objects reloaded before import = 0
Number of asset objects unloaded after import = 357
========================================================================
Received Import Request.
  Time since last request: 28.517740 seconds.
  path: Assets/Prefab/Enemy/Skeleton.prefab
  artifactKey: Guid(9a643756ccd94f94894f9408e4872868) Importer(815301076,1909f56bfc062723c751e8b465ee728b)
Start importing Assets/Prefab/Enemy/Skeleton.prefab using Guid(9a643756ccd94f94894f9408e4872868) Importer(815301076,1909f56bfc062723c751e8b465ee728b) [PhysX] Initialized MultithreadedTaskDispatcher with 8 workers.
[PhysX] Initialized MultithreadedTaskDispatcher with 8 workers.
 -> (artifact id: '5f3ecb3a091d1cf13cf67ba1d4ab8054') in 0.157827 seconds
Number of updated asset objects reloaded before import = 0
Number of asset objects unloaded after import = 298
========================================================================
Received Prepare
Caller must complete domain reload
Begin MonoManager ReloadAssembly
- Loaded All Assemblies, in  0.929 seconds
Native extension for UWP target not found
Native extension for WindowsStandalone target not found
Native extension for Android target not found
Native extension for WebGL target not found
Mono: successfully reloaded assembly
- Finished resetting the current domain, in  0.652 seconds
Domain Reload Profiling: 1580ms
	BeginReloadAssembly (643ms)
		ExecutionOrderSort (0ms)
		DisableScriptedObjects (472ms)
		BackupInstance (0ms)
		ReleaseScriptingObjects (0ms)
		CreateAndSetChildDomain (37ms)
	RebuildCommonClasses (42ms)
	RebuildNativeTypeToScriptingClass (15ms)
	initialDomainReloadingComplete (28ms)
	LoadAllAssembliesAndSetupDomain (200ms)
		LoadAssemblies (272ms)
		RebuildTransferFunctionScriptingTraits (0ms)
		AnalyzeDomain (26ms)
			TypeCache.Refresh (6ms)
				TypeCache.ScanAssembly (0ms)
			ScanForSourceGeneratedMonoScriptInfo (0ms)
			ResolveRequiredComponents (18ms)
	FinalizeReload (653ms)
		ReleaseScriptCaches (0ms)
		RebuildScriptCaches (0ms)
		SetupLoadedEditorAssemblies (436ms)
			LogAssemblyErrors (0ms)
			InitializePlatformSupportModulesInManaged (17ms)
			SetLoadedEditorAssemblies (3ms)
			RefreshPlugins (0ms)
			BeforeProcessingInitializeOnLoad (79ms)
			ProcessInitializeOnLoadAttributes (239ms)
			ProcessInitializeOnLoadMethodAttributes (95ms)
			AfterProcessingInitializeOnLoad (2ms)
			EditorAssembliesLoaded (0ms)
		ExecutionOrderSort2 (0ms)
		AwakeInstancesAfterBackupRestoration (14ms)
Refreshing native plugins compatible for Editor in 5.58 ms, found 1 plugins.
Preloading 0 native plugins for Editor in 0.00 ms.
Unloading 3672 Unused Serialized files (Serialized files now loaded: 0)
Unloading 18 unused Assets / (0.8 MB). Loaded Objects now: 4288.
Memory consumption went from 155.5 MB to 154.7 MB.
Total: 6.958600 ms (FindLiveObjects: 0.445000 ms CreateObjectMapping: 0.624500 ms MarkObjects: 5.122500 ms  DeleteObjects: 0.764400 ms)

Prepare: number of updated asset objects reloaded= 0
AssetImportParameters requested are different than current active one (requested -> active):
  custom:container-demuxer-ogg: 62fdf1f143b41e24485cea50d1cbac27 -> 
  custom:video-codec-MediaFoundation-h265: 746d11721c4dcdbdad8f713fa42b33f4 -> 
  custom:video-decoder-ogg-theora: a1e56fd34408186e4bbccfd4996cb3dc -> 
  custom:framework-win-MediaFoundation: 216162199b28c13a410421893ffa2e32 -> 
  custom:CustomObjectIndexerAttribute: 72b91833f83ae208fae7752999fa3104 -> 
  custom:container-demuxer-webm: 4f35f7cbe854078d1ac9338744f61a02 -> 
  custom:container-muxer-webm: aa71ff27fc2769a1b78a27578f13a17b -> 
  custom:video-decoder-webm-vp8: 9c59270c3fd7afecdb556c50c9e8de78 -> 
  custom:SearchIndexIgnoredProperties: e643bd26f0fe6173181afceb89e7c659 -> 
  custom:AudioImporter_EditorPlatform: d09bf68614088b80899f8185d706f6e7 -> 
  custom:video-encoder-webm-vp8: eb34c28f22e8b96e1ab97ce403110664 -> 
  custom:audio-decoder-ogg-vorbis: bf7c407c2cedff20999df2af8eb42d56 -> 
  custom:audio-encoder-webm-vorbis: bf7c407c2cedff20999df2af8eb42d56 -> 
========================================================================
Received Import Request.
  Time since last request: 47.777196 seconds.
  path: Assets/Prefab/Enemy/Mushroom.prefab
  artifactKey: Guid(2386051f34a99c74b8844bb71887c009) Importer(815301076,1909f56bfc062723c751e8b465ee728b)
Start importing Assets/Prefab/Enemy/Mushroom.prefab using Guid(2386051f34a99c74b8844bb71887c009) Importer(815301076,1909f56bfc062723c751e8b465ee728b) [PhysX] Initialized MultithreadedTaskDispatcher with 8 workers.
 -> (artifact id: '1356fd0eeb5634a6c03bd4a9c7a96b33') in 0.010260 seconds
Number of updated asset objects reloaded before import = 0
Number of asset objects unloaded after import = 0
========================================================================
Received Import Request.
  Time since last request: 351.861345 seconds.
  path: Assets/IMG/flame with smoke/Pixel Fire Asset Pack V1/Smoke Dark - 3/Smoke Dark - 3_1.png
  artifactKey: Guid(51e12b03dfc82cf45a6ef30939239d72) Importer(815301076,1909f56bfc062723c751e8b465ee728b)
Start importing Assets/IMG/flame with smoke/Pixel Fire Asset Pack V1/Smoke Dark - 3/Smoke Dark - 3_1.png using Guid(51e12b03dfc82cf45a6ef30939239d72) Importer(815301076,1909f56bfc062723c751e8b465ee728b) [PhysX] Initialized MultithreadedTaskDispatcher with 8 workers.
[PhysX] Initialized MultithreadedTaskDispatcher with 8 workers.
 -> (artifact id: 'e3bfe0c4d1b6324243bafa4d6a29b16b') in 0.154523 seconds
Number of updated asset objects reloaded before import = 0
Number of asset objects unloaded after import = 3
========================================================================
Received Import Request.
  Time since last request: 0.000025 seconds.
  path: Assets/IMG/flame with smoke/Pixel Fire Asset Pack V1/Smoke Dark - 3/Smoke Dark - 3_8.png
  artifactKey: Guid(ef3535569d19c2b46b6c910bf4200c62) Importer(815301076,1909f56bfc062723c751e8b465ee728b)
Start importing Assets/IMG/flame with smoke/Pixel Fire Asset Pack V1/Smoke Dark - 3/Smoke Dark - 3_8.png using Guid(ef3535569d19c2b46b6c910bf4200c62) Importer(815301076,1909f56bfc062723c751e8b465ee728b) [PhysX] Initialized MultithreadedTaskDispatcher with 8 workers.
[PhysX] Initialized MultithreadedTaskDispatcher with 8 workers.
 -> (artifact id: '8505856bdba9f6c43ca6e21a93cdf465') in 0.021967 seconds
Number of updated asset objects reloaded before import = 0
Number of asset objects unloaded after import = 3
========================================================================
Received Import Request.
  Time since last request: 0.000020 seconds.
  path: Assets/IMG/flame with smoke/Pixel Fire Asset Pack V1/Smoke Dark - 3/Smoke Dark - 3_5.png
  artifactKey: Guid(477e5b5f7d114474a8977043296203c9) Importer(815301076,1909f56bfc062723c751e8b465ee728b)
Start importing Assets/IMG/flame with smoke/Pixel Fire Asset Pack V1/Smoke Dark - 3/Smoke Dark - 3_5.png using Guid(477e5b5f7d114474a8977043296203c9) Importer(815301076,1909f56bfc062723c751e8b465ee728b) [PhysX] Initialized MultithreadedTaskDispatcher with 8 workers.
[PhysX] Initialized MultithreadedTaskDispatcher with 8 workers.
 -> (artifact id: '8b01a257bcf0a94b35bd93b7f19bedf8') in 0.021767 seconds
Number of updated asset objects reloaded before import = 0
Number of asset objects unloaded after import = 3
========================================================================
Received Import Request.
  Time since last request: 20.465864 seconds.
  path: Assets/IMG/flame with smoke/Pixel Fire Asset Pack V1/Fire 4 - 1/Fire 4_1-2.png
  artifactKey: Guid(ddb795a3c63b2b54b878c9690ec79cb1) Importer(815301076,1909f56bfc062723c751e8b465ee728b)
Start importing Assets/IMG/flame with smoke/Pixel Fire Asset Pack V1/Fire 4 - 1/Fire 4_1-2.png using Guid(ddb795a3c63b2b54b878c9690ec79cb1) Importer(815301076,1909f56bfc062723c751e8b465ee728b) [PhysX] Initialized MultithreadedTaskDispatcher with 8 workers.
[PhysX] Initialized MultithreadedTaskDispatcher with 8 workers.
 -> (artifact id: 'd77f40299cd645e353e51018d62098a6') in 0.027938 seconds
Number of updated asset objects reloaded before import = 0
Number of asset objects unloaded after import = 3
========================================================================
Received Import Request.
  Time since last request: 0.000030 seconds.
  path: Assets/IMG/flame with smoke/Pixel Fire Asset Pack V1/Fire 4 - 1/Fire 4_1-5.png
  artifactKey: Guid(95a7d137636aed8468ff6c99c23583fb) Importer(815301076,1909f56bfc062723c751e8b465ee728b)
Start importing Assets/IMG/flame with smoke/Pixel Fire Asset Pack V1/Fire 4 - 1/Fire 4_1-5.png using Guid(95a7d137636aed8468ff6c99c23583fb) Importer(815301076,1909f56bfc062723c751e8b465ee728b) [PhysX] Initialized MultithreadedTaskDispatcher with 8 workers.
[PhysX] Initialized MultithreadedTaskDispatcher with 8 workers.
 -> (artifact id: 'f3276688dcd12c3ad96a3e8e51011ede') in 0.034890 seconds
Number of updated asset objects reloaded before import = 0
Number of asset objects unloaded after import = 3
========================================================================
Received Import Request.
  Time since last request: 0.000028 seconds.
  path: Assets/IMG/flame with smoke/Pixel Fire Asset Pack V1/Fire 4 - 1/Fire 4_1-7.png
  artifactKey: Guid(b90f1de54731dab41ae557512a7dde7b) Importer(815301076,1909f56bfc062723c751e8b465ee728b)
Start importing Assets/IMG/flame with smoke/Pixel Fire Asset Pack V1/Fire 4 - 1/Fire 4_1-7.png using Guid(b90f1de54731dab41ae557512a7dde7b) Importer(815301076,1909f56bfc062723c751e8b465ee728b) [PhysX] Initialized MultithreadedTaskDispatcher with 8 workers.
[PhysX] Initialized MultithreadedTaskDispatcher with 8 workers.
 -> (artifact id: '4612f189c491ff78171631e19a4bceee') in 0.024576 seconds
Number of updated asset objects reloaded before import = 0
Number of asset objects unloaded after import = 3
========================================================================
Received Import Request.
  Time since last request: 4.574108 seconds.
  path: Assets/IMG/flame with smoke/Pixel Fire Asset Pack V1/Fire 4 - 2/Fire 4_2-2.png
  artifactKey: Guid(b9892cabf54af5f439c198c576c52c99) Importer(815301076,1909f56bfc062723c751e8b465ee728b)
Start importing Assets/IMG/flame with smoke/Pixel Fire Asset Pack V1/Fire 4 - 2/Fire 4_2-2.png using Guid(b9892cabf54af5f439c198c576c52c99) Importer(815301076,1909f56bfc062723c751e8b465ee728b) [PhysX] Initialized MultithreadedTaskDispatcher with 8 workers.
[PhysX] Initialized MultithreadedTaskDispatcher with 8 workers.
 -> (artifact id: '2ab27ac1fbf2534edbb31f2f9c1c29df') in 0.027102 seconds
Number of updated asset objects reloaded before import = 0
Number of asset objects unloaded after import = 3
========================================================================
Received Import Request.
  Time since last request: 0.000043 seconds.
  path: Assets/IMG/flame with smoke/Pixel Fire Asset Pack V1/Fire 4 - 2/Fire 4_2-6.png
  artifactKey: Guid(aeefe86ace64c5b4fa17b5ef19bb2429) Importer(815301076,1909f56bfc062723c751e8b465ee728b)
Start importing Assets/IMG/flame with smoke/Pixel Fire Asset Pack V1/Fire 4 - 2/Fire 4_2-6.png using Guid(aeefe86ace64c5b4fa17b5ef19bb2429) Importer(815301076,1909f56bfc062723c751e8b465ee728b) [PhysX] Initialized MultithreadedTaskDispatcher with 8 workers.
[PhysX] Initialized MultithreadedTaskDispatcher with 8 workers.
 -> (artifact id: '54b1d60631838d3fb6ba108c477196d6') in 0.023365 seconds
Number of updated asset objects reloaded before import = 0
Number of asset objects unloaded after import = 3
========================================================================
Received Import Request.
  Time since last request: 0.000023 seconds.
  path: Assets/IMG/flame with smoke/Pixel Fire Asset Pack V1/Fire 4 - 2/Fire 4_2-4.png
  artifactKey: Guid(fa805f8b4330c4a49b87252460d60b68) Importer(815301076,1909f56bfc062723c751e8b465ee728b)
Start importing Assets/IMG/flame with smoke/Pixel Fire Asset Pack V1/Fire 4 - 2/Fire 4_2-4.png using Guid(fa805f8b4330c4a49b87252460d60b68) Importer(815301076,1909f56bfc062723c751e8b465ee728b) [PhysX] Initialized MultithreadedTaskDispatcher with 8 workers.
[PhysX] Initialized MultithreadedTaskDispatcher with 8 workers.
 -> (artifact id: 'adf75e69e4e7c6cee276c23d6612f7b9') in 0.016597 seconds
Number of updated asset objects reloaded before import = 0
Number of asset objects unloaded after import = 3
========================================================================
Received Import Request.
  Time since last request: 6.088850 seconds.
  path: Assets/IMG/flame with smoke/Pixel Fire Asset Pack V1/Fire 4 - 3/Fire 4_3-2.png
  artifactKey: Guid(5aa8de3c0c768c8499c3d07d6686b3cb) Importer(815301076,1909f56bfc062723c751e8b465ee728b)
Start importing Assets/IMG/flame with smoke/Pixel Fire Asset Pack V1/Fire 4 - 3/Fire 4_3-2.png using Guid(5aa8de3c0c768c8499c3d07d6686b3cb) Importer(815301076,1909f56bfc062723c751e8b465ee728b) [PhysX] Initialized MultithreadedTaskDispatcher with 8 workers.
[PhysX] Initialized MultithreadedTaskDispatcher with 8 workers.
 -> (artifact id: '33a2860f0afca733ff401aca684a15f5') in 0.023691 seconds
Number of updated asset objects reloaded before import = 0
Number of asset objects unloaded after import = 3
========================================================================
Received Import Request.
  Time since last request: 0.000037 seconds.
  path: Assets/IMG/flame with smoke/Pixel Fire Asset Pack V1/Fire 4 - 3/Fire 4_3-4.png
  artifactKey: Guid(4caf23845fab35a4bb36e5647b83a95f) Importer(815301076,1909f56bfc062723c751e8b465ee728b)
Start importing Assets/IMG/flame with smoke/Pixel Fire Asset Pack V1/Fire 4 - 3/Fire 4_3-4.png using Guid(4caf23845fab35a4bb36e5647b83a95f) Importer(815301076,1909f56bfc062723c751e8b465ee728b) [PhysX] Initialized MultithreadedTaskDispatcher with 8 workers.
[PhysX] Initialized MultithreadedTaskDispatcher with 8 workers.
 -> (artifact id: 'cff97e4d84592c9230ad1396426f7c3e') in 0.027115 seconds
Number of updated asset objects reloaded before import = 0
Number of asset objects unloaded after import = 3
========================================================================
Received Import Request.
  Time since last request: 0.000113 seconds.
  path: Assets/IMG/flame with smoke/Pixel Fire Asset Pack V1/Fire 4 - 3/Fire 4_3-6.png
  artifactKey: Guid(73fc720850b1c89468d73cc146f3fafe) Importer(815301076,1909f56bfc062723c751e8b465ee728b)
Start importing Assets/IMG/flame with smoke/Pixel Fire Asset Pack V1/Fire 4 - 3/Fire 4_3-6.png using Guid(73fc720850b1c89468d73cc146f3fafe) Importer(815301076,1909f56bfc062723c751e8b465ee728b) [PhysX] Initialized MultithreadedTaskDispatcher with 8 workers.
[PhysX] Initialized MultithreadedTaskDispatcher with 8 workers.
 -> (artifact id: '34b098ea6fe09ad14b95e9ad856cb710') in 0.017343 seconds
Number of updated asset objects reloaded before import = 0
Number of asset objects unloaded after import = 3
========================================================================
Received Import Request.
  Time since last request: 1.498920 seconds.
  path: Assets/IMG/flame with smoke/Pixel Fire Asset Pack V1/Fire 4 - 4/Fire 4_4-2.png
  artifactKey: Guid(d90433b2dcdb61a49a2ead64aaa189c4) Importer(815301076,1909f56bfc062723c751e8b465ee728b)
Start importing Assets/IMG/flame with smoke/Pixel Fire Asset Pack V1/Fire 4 - 4/Fire 4_4-2.png using Guid(d90433b2dcdb61a49a2ead64aaa189c4) Importer(815301076,1909f56bfc062723c751e8b465ee728b) [PhysX] Initialized MultithreadedTaskDispatcher with 8 workers.
[PhysX] Initialized MultithreadedTaskDispatcher with 8 workers.
 -> (artifact id: '2aaa8e935160f3e10ac37e42b9d41205') in 0.027266 seconds
Number of updated asset objects reloaded before import = 0
Number of asset objects unloaded after import = 3
========================================================================
Received Import Request.
  Time since last request: 0.000017 seconds.
  path: Assets/IMG/flame with smoke/Pixel Fire Asset Pack V1/Fire 4 - 4/Fire 4_4-7.png
  artifactKey: Guid(e4b2193ff7a4db34fbd58c70839f39d0) Importer(815301076,1909f56bfc062723c751e8b465ee728b)
Start importing Assets/IMG/flame with smoke/Pixel Fire Asset Pack V1/Fire 4 - 4/Fire 4_4-7.png using Guid(e4b2193ff7a4db34fbd58c70839f39d0) Importer(815301076,1909f56bfc062723c751e8b465ee728b) [PhysX] Initialized MultithreadedTaskDispatcher with 8 workers.
[PhysX] Initialized MultithreadedTaskDispatcher with 8 workers.
 -> (artifact id: '3c5645c166f75491570ce9682ae0deec') in 0.024124 seconds
Number of updated asset objects reloaded before import = 0
Number of asset objects unloaded after import = 3
========================================================================
Received Import Request.
  Time since last request: 0.000045 seconds.
  path: Assets/IMG/flame with smoke/Pixel Fire Asset Pack V1/Fire 4 - 4/Fire 4_4-6.png
  artifactKey: Guid(2121871bcc0c15b41811fae056b511ff) Importer(815301076,1909f56bfc062723c751e8b465ee728b)
Start importing Assets/IMG/flame with smoke/Pixel Fire Asset Pack V1/Fire 4 - 4/Fire 4_4-6.png using Guid(2121871bcc0c15b41811fae056b511ff) Importer(815301076,1909f56bfc062723c751e8b465ee728b) [PhysX] Initialized MultithreadedTaskDispatcher with 8 workers.
[PhysX] Initialized MultithreadedTaskDispatcher with 8 workers.
 -> (artifact id: '68bf1d610df18146fe626c6e82145167') in 0.017660 seconds
Number of updated asset objects reloaded before import = 0
Number of asset objects unloaded after import = 3
========================================================================
Received Import Request.
  Time since last request: 2.035512 seconds.
  path: Assets/IMG/flame with smoke/Pixel Fire Asset Pack V1/Fire 5 - 1/Fire 5_1-2.png
  artifactKey: Guid(298b4c33e4ee28c43baae331a0b2e4da) Importer(815301076,1909f56bfc062723c751e8b465ee728b)
Start importing Assets/IMG/flame with smoke/Pixel Fire Asset Pack V1/Fire 5 - 1/Fire 5_1-2.png using Guid(298b4c33e4ee28c43baae331a0b2e4da) Importer(815301076,1909f56bfc062723c751e8b465ee728b) [PhysX] Initialized MultithreadedTaskDispatcher with 8 workers.
[PhysX] Initialized MultithreadedTaskDispatcher with 8 workers.
 -> (artifact id: '3bb173a709cb5eada6374d187f95f9a3') in 0.032715 seconds
Number of updated asset objects reloaded before import = 0
Number of asset objects unloaded after import = 3
========================================================================
Received Import Request.
  Time since last request: 0.000023 seconds.
  path: Assets/IMG/flame with smoke/Pixel Fire Asset Pack V1/Fire 5 - 1/Fire 5_1-8.png
  artifactKey: Guid(4574ba62b93543149abffb3215b85b35) Importer(815301076,1909f56bfc062723c751e8b465ee728b)
Start importing Assets/IMG/flame with smoke/Pixel Fire Asset Pack V1/Fire 5 - 1/Fire 5_1-8.png using Guid(4574ba62b93543149abffb3215b85b35) Importer(815301076,1909f56bfc062723c751e8b465ee728b) [PhysX] Initialized MultithreadedTaskDispatcher with 8 workers.
[PhysX] Initialized MultithreadedTaskDispatcher with 8 workers.
 -> (artifact id: '5168c4f2e5a8b75cbd09bd6ff224cdd4') in 0.027236 seconds
Number of updated asset objects reloaded before import = 0
Number of asset objects unloaded after import = 3
========================================================================
Received Import Request.
  Time since last request: 4.302655 seconds.
  path: Assets/IMG/flame with smoke/Pixel Fire Asset Pack V1/Fire 5 - 2/Fire 5_2-2.png
  artifactKey: Guid(dee7861e40e74da469358e704337ce52) Importer(815301076,1909f56bfc062723c751e8b465ee728b)
Start importing Assets/IMG/flame with smoke/Pixel Fire Asset Pack V1/Fire 5 - 2/Fire 5_2-2.png using Guid(dee7861e40e74da469358e704337ce52) Importer(815301076,1909f56bfc062723c751e8b465ee728b) [PhysX] Initialized MultithreadedTaskDispatcher with 8 workers.
[PhysX] Initialized MultithreadedTaskDispatcher with 8 workers.
 -> (artifact id: '86da36a88848d1129a8c73faac7d01ac') in 0.027239 seconds
Number of updated asset objects reloaded before import = 0
Number of asset objects unloaded after import = 3
========================================================================
Received Import Request.
  Time since last request: 0.000048 seconds.
  path: Assets/IMG/flame with smoke/Pixel Fire Asset Pack V1/Fire 5 - 2/Fire 5_2-4.png
  artifactKey: Guid(e44fcb167df383b4ba8783bdd84d1dc3) Importer(815301076,1909f56bfc062723c751e8b465ee728b)
Start importing Assets/IMG/flame with smoke/Pixel Fire Asset Pack V1/Fire 5 - 2/Fire 5_2-4.png using Guid(e44fcb167df383b4ba8783bdd84d1dc3) Importer(815301076,1909f56bfc062723c751e8b465ee728b) [PhysX] Initialized MultithreadedTaskDispatcher with 8 workers.
[PhysX] Initialized MultithreadedTaskDispatcher with 8 workers.
 -> (artifact id: 'f2371fefe07b3d9cf31a48a581cea297') in 0.024813 seconds
Number of updated asset objects reloaded before import = 0
Number of asset objects unloaded after import = 3
========================================================================
Received Import Request.
  Time since last request: 3.648064 seconds.
  path: Assets/IMG/flame with smoke/Pixel Fire Asset Pack V1/previews/fire 6 preview.gif
  artifactKey: Guid(6801e975f28a3e3489b1ec821172d5f0) Importer(815301076,1909f56bfc062723c751e8b465ee728b)
Start importing Assets/IMG/flame with smoke/Pixel Fire Asset Pack V1/previews/fire 6 preview.gif using Guid(6801e975f28a3e3489b1ec821172d5f0) Importer(815301076,1909f56bfc062723c751e8b465ee728b) [PhysX] Initialized MultithreadedTaskDispatcher with 8 workers.
[PhysX] Initialized MultithreadedTaskDispatcher with 8 workers.
 -> (artifact id: '620547d295b5e69ca07468d688fe7b9e') in 0.040585 seconds
Number of updated asset objects reloaded before import = 0
Number of asset objects unloaded after import = 3
========================================================================
Received Import Request.
  Time since last request: 19.361959 seconds.
  path: Assets/IMG/flame with smoke/Pixel Fire Asset Pack V1/Fire 7 - 2/Fire 7_2-2.png
  artifactKey: Guid(58307238883732b458bcfeef9886deb8) Importer(815301076,1909f56bfc062723c751e8b465ee728b)
Start importing Assets/IMG/flame with smoke/Pixel Fire Asset Pack V1/Fire 7 - 2/Fire 7_2-2.png using Guid(58307238883732b458bcfeef9886deb8) Importer(815301076,1909f56bfc062723c751e8b465ee728b) [PhysX] Initialized MultithreadedTaskDispatcher with 8 workers.
[PhysX] Initialized MultithreadedTaskDispatcher with 8 workers.
 -> (artifact id: 'c7b5c19e90b8961850ac8f4adf22c025') in 0.022015 seconds
Number of updated asset objects reloaded before import = 0
Number of asset objects unloaded after import = 3
========================================================================
Received Import Request.
  Time since last request: 0.000028 seconds.
  path: Assets/IMG/flame with smoke/Pixel Fire Asset Pack V1/Fire 7 - 2/Fire 7_2-5.png
  artifactKey: Guid(fab4d9441622ab24d8c988fd8ccbbeb6) Importer(815301076,1909f56bfc062723c751e8b465ee728b)
Start importing Assets/IMG/flame with smoke/Pixel Fire Asset Pack V1/Fire 7 - 2/Fire 7_2-5.png using Guid(fab4d9441622ab24d8c988fd8ccbbeb6) Importer(815301076,1909f56bfc062723c751e8b465ee728b) [PhysX] Initialized MultithreadedTaskDispatcher with 8 workers.
[PhysX] Initialized MultithreadedTaskDispatcher with 8 workers.
 -> (artifact id: '32d53b26aa3278e963a301ef941f313b') in 0.025959 seconds
Number of updated asset objects reloaded before import = 0
Number of asset objects unloaded after import = 3
========================================================================
Received Import Request.
  Time since last request: 4.559488 seconds.
  path: Assets/IMG/flame with smoke/Pixel Fire Asset Pack V1/Fire 7 - 3/Fire 7_3-2.png
  artifactKey: Guid(bf6c16c7712fffc46b3dde3b70651da5) Importer(815301076,1909f56bfc062723c751e8b465ee728b)
Start importing Assets/IMG/flame with smoke/Pixel Fire Asset Pack V1/Fire 7 - 3/Fire 7_3-2.png using Guid(bf6c16c7712fffc46b3dde3b70651da5) Importer(815301076,1909f56bfc062723c751e8b465ee728b) [PhysX] Initialized MultithreadedTaskDispatcher with 8 workers.
[PhysX] Initialized MultithreadedTaskDispatcher with 8 workers.
 -> (artifact id: 'c4704f525e8b97eeec3f1b43453dd060') in 0.023128 seconds
Number of updated asset objects reloaded before import = 0
Number of asset objects unloaded after import = 3
========================================================================
Received Import Request.
  Time since last request: 0.000024 seconds.
  path: Assets/IMG/flame with smoke/Pixel Fire Asset Pack V1/Fire 7 - 3/Fire 7_3-6.png
  artifactKey: Guid(4f4b72a892ffbe34594239f770dc2b6c) Importer(815301076,1909f56bfc062723c751e8b465ee728b)
Start importing Assets/IMG/flame with smoke/Pixel Fire Asset Pack V1/Fire 7 - 3/Fire 7_3-6.png using Guid(4f4b72a892ffbe34594239f770dc2b6c) Importer(815301076,1909f56bfc062723c751e8b465ee728b) [PhysX] Initialized MultithreadedTaskDispatcher with 8 workers.
[PhysX] Initialized MultithreadedTaskDispatcher with 8 workers.
 -> (artifact id: 'ab07272ceea432d6a3cb747182d37701') in 0.026603 seconds
Number of updated asset objects reloaded before import = 0
Number of asset objects unloaded after import = 3
========================================================================
Received Import Request.
  Time since last request: 3.317200 seconds.
  path: Assets/IMG/flame with smoke/Pixel Fire Asset Pack V1/Smoke Light - 2/Smoke Light - 2_2.png
  artifactKey: Guid(4c79f8c30f594694ba64efbc3f2436ce) Importer(815301076,1909f56bfc062723c751e8b465ee728b)
Start importing Assets/IMG/flame with smoke/Pixel Fire Asset Pack V1/Smoke Light - 2/Smoke Light - 2_2.png using Guid(4c79f8c30f594694ba64efbc3f2436ce) Importer(815301076,1909f56bfc062723c751e8b465ee728b) [PhysX] Initialized MultithreadedTaskDispatcher with 8 workers.
[PhysX] Initialized MultithreadedTaskDispatcher with 8 workers.
 -> (artifact id: '431efad5bd19f7d59d3f670670da9a36') in 0.022695 seconds
Number of updated asset objects reloaded before import = 0
Number of asset objects unloaded after import = 3
========================================================================
Received Import Request.
  Time since last request: 0.000028 seconds.
  path: Assets/IMG/flame with smoke/Pixel Fire Asset Pack V1/Smoke Light - 2/Smoke Light - 2_7.png
  artifactKey: Guid(14c15a18af7d1ab48924b7f4093d42bb) Importer(815301076,1909f56bfc062723c751e8b465ee728b)
Start importing Assets/IMG/flame with smoke/Pixel Fire Asset Pack V1/Smoke Light - 2/Smoke Light - 2_7.png using Guid(14c15a18af7d1ab48924b7f4093d42bb) Importer(815301076,1909f56bfc062723c751e8b465ee728b) [PhysX] Initialized MultithreadedTaskDispatcher with 8 workers.
[PhysX] Initialized MultithreadedTaskDispatcher with 8 workers.
 -> (artifact id: 'a2e006739c37fc312609099e6b44c024') in 0.024212 seconds
Number of updated asset objects reloaded before import = 0
Number of asset objects unloaded after import = 3
========================================================================
Received Import Request.
  Time since last request: 3.268708 seconds.
  path: Assets/IMG/flame with smoke/Pixel Fire Asset Pack V1/Smoke Dark - 4/Smoke Dark - 4_2.png
  artifactKey: Guid(cba877ed9ce1495428ecc0f989b928ee) Importer(815301076,1909f56bfc062723c751e8b465ee728b)
Start importing Assets/IMG/flame with smoke/Pixel Fire Asset Pack V1/Smoke Dark - 4/Smoke Dark - 4_2.png using Guid(cba877ed9ce1495428ecc0f989b928ee) Importer(815301076,1909f56bfc062723c751e8b465ee728b) [PhysX] Initialized MultithreadedTaskDispatcher with 8 workers.
[PhysX] Initialized MultithreadedTaskDispatcher with 8 workers.
 -> (artifact id: '7f3243cad81f2f555384e11bb302e892') in 0.032579 seconds
Number of updated asset objects reloaded before import = 0
Number of asset objects unloaded after import = 3
========================================================================
Received Import Request.
  Time since last request: 0.000156 seconds.
  path: Assets/IMG/flame with smoke/Pixel Fire Asset Pack V1/Smoke Dark - 4/Smoke Dark - 4_5.png
  artifactKey: Guid(728c1a92b642ff2438c7e69f64348aca) Importer(815301076,1909f56bfc062723c751e8b465ee728b)
Start importing Assets/IMG/flame with smoke/Pixel Fire Asset Pack V1/Smoke Dark - 4/Smoke Dark - 4_5.png using Guid(728c1a92b642ff2438c7e69f64348aca) Importer(815301076,1909f56bfc062723c751e8b465ee728b) [PhysX] Initialized MultithreadedTaskDispatcher with 8 workers.
[PhysX] Initialized MultithreadedTaskDispatcher with 8 workers.
 -> (artifact id: '18187f8475386371f9ac6b08d386c741') in 0.041391 seconds
Number of updated asset objects reloaded before import = 0
Number of asset objects unloaded after import = 3
========================================================================
Received Import Request.
  Time since last request: 8.379031 seconds.
  path: Assets/IMG/flame with smoke/Pixel Fire Asset Pack V1/Smoke Dark - 2/Smoke Dark - 2_2.png
  artifactKey: Guid(553f74c6ec9669f4c8f2fec6b00b63ee) Importer(815301076,1909f56bfc062723c751e8b465ee728b)
Start importing Assets/IMG/flame with smoke/Pixel Fire Asset Pack V1/Smoke Dark - 2/Smoke Dark - 2_2.png using Guid(553f74c6ec9669f4c8f2fec6b00b63ee) Importer(815301076,1909f56bfc062723c751e8b465ee728b) [PhysX] Initialized MultithreadedTaskDispatcher with 8 workers.
[PhysX] Initialized MultithreadedTaskDispatcher with 8 workers.
 -> (artifact id: '7407d95c44a8e66746e95ef69d2d328f') in 0.021417 seconds
Number of updated asset objects reloaded before import = 0
Number of asset objects unloaded after import = 3
========================================================================
Received Import Request.
  Time since last request: 0.000020 seconds.
  path: Assets/IMG/flame with smoke/Pixel Fire Asset Pack V1/Smoke Dark - 2/Smoke Dark - 2_5.png
  artifactKey: Guid(1c39f751690c3f548a026ec1c194a08b) Importer(815301076,1909f56bfc062723c751e8b465ee728b)
Start importing Assets/IMG/flame with smoke/Pixel Fire Asset Pack V1/Smoke Dark - 2/Smoke Dark - 2_5.png using Guid(1c39f751690c3f548a026ec1c194a08b) Importer(815301076,1909f56bfc062723c751e8b465ee728b) [PhysX] Initialized MultithreadedTaskDispatcher with 8 workers.
[PhysX] Initialized MultithreadedTaskDispatcher with 8 workers.
 -> (artifact id: '29c6ab9149703ec2f1158eabc444c9f4') in 0.026204 seconds
Number of updated asset objects reloaded before import = 0
Number of asset objects unloaded after import = 3
========================================================================
Received Import Request.
  Time since last request: 3.883474 seconds.
  path: Assets/IMG/flame with smoke/Pixel Fire Asset Pack V1/Smoke Light - 4/Smoke Light - 4_2.png
  artifactKey: Guid(ed158548d93030340ad9a47edd97630e) Importer(815301076,1909f56bfc062723c751e8b465ee728b)
Start importing Assets/IMG/flame with smoke/Pixel Fire Asset Pack V1/Smoke Light - 4/Smoke Light - 4_2.png using Guid(ed158548d93030340ad9a47edd97630e) Importer(815301076,1909f56bfc062723c751e8b465ee728b) [PhysX] Initialized MultithreadedTaskDispatcher with 8 workers.
[PhysX] Initialized MultithreadedTaskDispatcher with 8 workers.
 -> (artifact id: '0899be31a97badaf7d8e52645c6270b6') in 0.018709 seconds
Number of updated asset objects reloaded before import = 0
Number of asset objects unloaded after import = 3
========================================================================
Received Import Request.
  Time since last request: 0.000016 seconds.
  path: Assets/IMG/flame with smoke/Pixel Fire Asset Pack V1/Smoke Light - 4/Smoke Light - 4_4.png
  artifactKey: Guid(f6df928fde237794d8f85c71b65e39ac) Importer(815301076,1909f56bfc062723c751e8b465ee728b)
Start importing Assets/IMG/flame with smoke/Pixel Fire Asset Pack V1/Smoke Light - 4/Smoke Light - 4_4.png using Guid(f6df928fde237794d8f85c71b65e39ac) Importer(815301076,1909f56bfc062723c751e8b465ee728b) [PhysX] Initialized MultithreadedTaskDispatcher with 8 workers.
[PhysX] Initialized MultithreadedTaskDispatcher with 8 workers.
 -> (artifact id: '6f4fd712200931e6c770ca692b0f53e5') in 0.015732 seconds
Number of updated asset objects reloaded before import = 0
Number of asset objects unloaded after import = 3
========================================================================
Received Import Request.
  Time since last request: 45.274102 seconds.
  path: Assets/IMG/flame with smoke/Pixel Fire Asset Pack V1/Fire 5 - 1/Fire 5_1-3.png
  artifactKey: Guid(c44f8a1dafe3dde4782549d8f7244571) Importer(815301076,1909f56bfc062723c751e8b465ee728b)
Start importing Assets/IMG/flame with smoke/Pixel Fire Asset Pack V1/Fire 5 - 1/Fire 5_1-3.png using Guid(c44f8a1dafe3dde4782549d8f7244571) Importer(815301076,1909f56bfc062723c751e8b465ee728b) [PhysX] Initialized MultithreadedTaskDispatcher with 8 workers.
[PhysX] Initialized MultithreadedTaskDispatcher with 8 workers.
 -> (artifact id: '83617af61b0256529486c39be6f9720b') in 0.018942 seconds
Number of updated asset objects reloaded before import = 0
Number of asset objects unloaded after import = 3
========================================================================
Received Import Request.
  Time since last request: 0.000027 seconds.
  path: Assets/IMG/flame with smoke/Pixel Fire Asset Pack V1/Fire 5 - 1/Fire 5_1-7.png
  artifactKey: Guid(cf0ffc74e0f9eac4c835e498130fcaa3) Importer(815301076,1909f56bfc062723c751e8b465ee728b)
Start importing Assets/IMG/flame with smoke/Pixel Fire Asset Pack V1/Fire 5 - 1/Fire 5_1-7.png using Guid(cf0ffc74e0f9eac4c835e498130fcaa3) Importer(815301076,1909f56bfc062723c751e8b465ee728b) [PhysX] Initialized MultithreadedTaskDispatcher with 8 workers.
[PhysX] Initialized MultithreadedTaskDispatcher with 8 workers.
 -> (artifact id: '1e5a216185292ce580eecbb230797079') in 0.018531 seconds
Number of updated asset objects reloaded before import = 0
Number of asset objects unloaded after import = 3
========================================================================
Received Import Request.
  Time since last request: 17.447504 seconds.
  path: Assets/IMG/flame with smoke/Pixel Fire Asset Pack V1/Fire 5 - 1/Fire 5_1-4.png
  artifactKey: Guid(f19bb0a069372e54a91761f40c89f034) Importer(815301076,1909f56bfc062723c751e8b465ee728b)
Start importing Assets/IMG/flame with smoke/Pixel Fire Asset Pack V1/Fire 5 - 1/Fire 5_1-4.png using Guid(f19bb0a069372e54a91761f40c89f034) Importer(815301076,1909f56bfc062723c751e8b465ee728b) [PhysX] Initialized MultithreadedTaskDispatcher with 8 workers.
[PhysX] Initialized MultithreadedTaskDispatcher with 8 workers.
 -> (artifact id: '64f3fc9ca4ebe1585c880adb48bffd5e') in 0.026592 seconds
Number of updated asset objects reloaded before import = 0
Number of asset objects unloaded after import = 3
========================================================================
Received Import Request.
  Time since last request: 21.192094 seconds.
  path: Assets/IMG/flame with smoke/Pixel Fire Asset Pack V1/Fire 5 - 1/Fire 5_1-2.png
  artifactKey: Guid(298b4c33e4ee28c43baae331a0b2e4da) Importer(815301076,1909f56bfc062723c751e8b465ee728b)
Start importing Assets/IMG/flame with smoke/Pixel Fire Asset Pack V1/Fire 5 - 1/Fire 5_1-2.png using Guid(298b4c33e4ee28c43baae331a0b2e4da) Importer(815301076,1909f56bfc062723c751e8b465ee728b) [PhysX] Initialized MultithreadedTaskDispatcher with 8 workers.
[PhysX] Initialized MultithreadedTaskDispatcher with 8 workers.
 -> (artifact id: 'c52fd9c4329e6aa8053004cf8a91cd0d') in 0.024717 seconds
Number of updated asset objects reloaded before import = 0
Number of asset objects unloaded after import = 3
Editor requested this worker to shutdown with reason: Scaling down because of idle timeout
TcpMessagingSession - receive error: operation aborted. errorcode: 995, details: The I/O operation has been aborted because of either a thread exit or an application request.
AssetImportWorker is now disconnected from the server
Process exiting
Exiting without the bug reporter. Application will terminate with return code 0